gs2
Date: 19990205 Time: 135245.062 -0800
 time= 5.
t=0.5000E+01 <phi**2>=0.6981E-11 heat fluxes: -.4254E-10 -.1927E-10
 aky= 0.42399999999999999  theta0= 0.E+0
aky= 0.42 th0=0.00 om=   1.518   0.334 omav=   1.484   0.507 phtot=0.21E-10
 phi(0)= (-4.52385398987688479E-6,-4.32699213993662934E-6)
 omega= (1.5179179554715478,0.33364520053701519)  omega/(vt/a)= 0.45509195374987055,  0.10003126033546923
 omavg= (1.4842692563078099,0.50696525261928516)  omavg/(vt/a)= 0.44500362704659363,  0.15199491281209221
 time= 10.
t=0.1000E+02 <phi**2>=0.4297E-09 heat fluxes: -.3737E-08 -.1968E-08
 aky= 0.42399999999999999  theta0= 0.E+0
aky= 0.42 th0=0.00 om=   1.499   0.461 omav=   1.508   0.474 phtot=0.13E-08
 phi(0)= (-5.08130168267539824E-5,3.2690523018403015E-5)
 omega= (1.4992143918242504,0.46086562235530248)  omega/(vt/a)= 0.44948437707443067,  0.1381736316760738
 omavg= (1.5079497037120169,0.47367593338384456)  omavg/(vt/a)= 0.4521033395415972,  0.14201433298216753
 time= 15.
t=0.1500E+02 <phi**2>=0.4175E-07 heat fluxes: -.3623E-06 -.1916E-06
 aky= 0.42399999999999999  theta0= 0.E+0
aky= 0.42 th0=0.00 om=   1.511   0.461 omav=   1.513   0.460 phtot=0.13E-06
 phi(0)= (1.55506027104831534E-4,5.73928948771913489E-4)
 omega= (1.5107857965322171,0.4607820263237461)  omega/(vt/a)= 0.45295363781885817,  0.13814856847605722
 omavg= (1.5126936359523833,0.46033468246481074)  omavg/(vt/a)= 0.45352563340401786,  0.13801444884855887
*** omega converged
 time= 15.800000000000001
t=0.1580E+02 <phi**2>=0.8721E-07 heat fluxes: -.7574E-06 -.4002E-06
 aky= 0.42399999999999999  theta0= 0.E+0
aky= 0.42 th0=0.00 om=   1.510   0.460 omav=   1.511   0.461 phtot=0.26E-06
 phi(0)= (8.55481772618078948E-4,8.42658202862487369E-5)
 omega= (1.5100772647949259,0.46019477266957709)  omega/(vt/a)= 0.45274121059810135,  0.13797250203461409
 omavg= (1.5112112710543113,0.46070099562033123)  omavg/(vt/a)= 0.45308120072885116,  0.13812427439547278
