#   25
 0.98012342056958979
 0.98244130973400445
 0.98940617401531261
 1.0009990128606494
 1.0170340094851542
 1.0370041512433783
 1.0481968612452273
 1.0600043803671895
 1.0722619060469316
 1.084794444838741
 1.0974234413796502
 1.1099728466229228
 1.1222741333197619
 1.1341700557544325
 1.1455171749567497
 1.1561873011878538
 1.1660680551942237
 1.1750627483213838
 1.1830897592390219
 1.1900815609323547
 1.1959835343330489
 1.2007526922333824
 1.2043564270592264
 1.2067713825271393
 1.2081340970896959
