#  119
  -3.14159265360       1.02027966990       1.02027966990    
  -3.06041837980       1.02012898280       1.02012898280    
  -2.97935049070       1.01967710760       1.01967710760    
  -2.89849491050       1.01892461620       1.01892461620    
  -2.81795663960       1.01787250810       1.01787250810    
  -2.73783928650       1.01652227760       1.01652227760    
  -2.65824459210       1.01487600470       1.01487600470    
  -2.57927194450       1.01293646520       1.01293646520    
  -2.50101788100       1.01070725680       1.01070725680    
  -2.42357557840       1.00819293290       1.00819293290    
  -2.34703432850       1.00539914020       1.00539914020    
  -2.27147900390       1.00233275140       1.00233275140    
  -2.19698951540      0.999001984170      0.999001984170    
  -2.12364027020      0.995416501070      0.995416501070    
  -2.05149963960      0.991587479960      0.991587479960    
  -1.98062945020      0.987527650160      0.987527650160    
  -1.91108451390      0.983251288230      0.983251288230    
  -1.84291221480      0.978774170180      0.978774170180    
  -1.77615217030      0.974113479150      0.974113479150    
  -1.71083598460      0.969287669850      0.969287669850    
  -1.64698710880      0.964316294010      0.964316294010    
  -1.58462081800      0.959219793010      0.959219793010    
  -1.52374431180      0.954019265820      0.954019265820    
  -1.46435693650      0.948736221770      0.948736221770    
  -1.40645052390      0.943392327920      0.943392327920    
  -1.35000983390      0.938009160670      0.938009160670    
  -1.29501308530      0.932607970460      0.932607970460    
  -1.24143255400      0.927209466790      0.927209466790    
  -1.18923521860      0.921833629180      0.921833629180    
  -1.13838343170      0.916499547830      0.916499547830    
  -1.08883559570      0.911225295810      0.911225295810    
  -1.04054682710      0.906027832850      0.906027832850    
 -0.993469592800      0.900922939730      0.900922939730    
 -0.947554307590      0.895925180730      0.895925180730    
 -0.902749884290      0.891047891340      0.891047891340    
 -0.859004231610      0.886303187720      0.886303187720    
 -0.816264697270      0.881701994270      0.881701994270    
 -0.774478456430      0.877254085980      0.877254085980    
 -0.733592846790      0.872968142130      0.872968142130    
 -0.693555653540      0.868851808530      0.868851808530    
 -0.654315347430      0.864911765570      0.864911765570    
 -0.615821279820      0.861153800110      0.861153800110    
 -0.578023838650      0.857582879100      0.857582879100    
 -0.540874568840      0.854203223790      0.854203223790    
 -0.504326260470      0.851018383000      0.851018383000    
 -0.468333007760      0.848031304730      0.848031304730    
 -0.432850241420      0.845244405330      0.845244405330    
 -0.397834736920      0.842659635520      0.842659635520    
 -0.363244600770      0.840278542940      0.840278542940    
 -0.329039237030      0.838102330850      0.838102330850    
 -0.295179295880      0.836131912600      0.836131912600    
 -0.261626606310      0.834367961840      0.834367961840    
 -0.228344094620      0.832810958050      0.832810958050    
 -0.195295690580      0.831461227610      0.831461227610    
 -0.162446222930      0.830318979940      0.830318979940    
 -0.129761305850      0.829384339020      0.829384339020    
 -0.972072181689E-01  0.828657369970      0.828657369970    
 -0.647507766716E-01  0.828138100840      0.828138100840    
 -0.323592050815E-01  0.827826539570      0.827826539570    
  0.213162820728E-12  0.827722686090      0.827722686090    
  0.323592050820E-01  0.827826539570      0.827826539570    
  0.647507766720E-01  0.828138100840      0.828138100840    
  0.972072181693E-01  0.828657369970      0.828657369970    
  0.129761305850      0.829384339020      0.829384339020    
  0.162446222930      0.830318979940      0.830318979940    
  0.195295690580      0.831461227610      0.831461227610    
  0.228344094620      0.832810958050      0.832810958050    
  0.261626606310      0.834367961840      0.834367961840    
  0.295179295880      0.836131912600      0.836131912600    
  0.329039237030      0.838102330850      0.838102330850    
  0.363244600770      0.840278542940      0.840278542940    
  0.397834736920      0.842659635520      0.842659635520    
  0.432850241420      0.845244405330      0.845244405330    
  0.468333007760      0.848031304730      0.848031304730    
  0.504326260470      0.851018383000      0.851018383000    
  0.540874568840      0.854203223790      0.854203223790    
  0.578023838650      0.857582879100      0.857582879100    
  0.615821279820      0.861153800110      0.861153800110    
  0.654315347430      0.864911765570      0.864911765570    
  0.693555653540      0.868851808530      0.868851808530    
  0.733592846790      0.872968142130      0.872968142130    
  0.774478456430      0.877254085980      0.877254085980    
  0.816264697270      0.881701994270      0.881701994270    
  0.859004231610      0.886303187720      0.886303187720    
  0.902749884290      0.891047891340      0.891047891340    
  0.947554307590      0.895925180730      0.895925180730    
  0.993469592800      0.900922939730      0.900922939730    
   1.04054682710      0.906027832850      0.906027832850    
   1.08883559570      0.911225295810      0.911225295810    
   1.13838343170      0.916499547830      0.916499547830    
   1.18923521860      0.921833629180      0.921833629180    
   1.24143255400      0.927209466790      0.927209466790    
   1.29501308530      0.932607970460      0.932607970460    
   1.35000983390      0.938009160670      0.938009160670    
   1.40645052390      0.943392327920      0.943392327920    
   1.46435693650      0.948736221770      0.948736221770    
   1.52374431180      0.954019265820      0.954019265820    
   1.58462081800      0.959219793010      0.959219793010    
   1.64698710880      0.964316294010      0.964316294010    
   1.71083598460      0.969287669850      0.969287669850    
   1.77615217030      0.974113479150      0.974113479150    
   1.84291221480      0.978774170180      0.978774170180    
   1.91108451390      0.983251288230      0.983251288230    
   1.98062945020      0.987527650160      0.987527650160    
   2.05149963960      0.991587479960      0.991587479960    
   2.12364027020      0.995416501070      0.995416501070    
   2.19698951540      0.999001984170      0.999001984170    
   2.27147900390       1.00233275140       1.00233275140    
   2.34703432850       1.00539914020       1.00539914020    
   2.42357557840       1.00819293290       1.00819293290    
   2.50101788100       1.01070725680       1.01070725680    
   2.57927194450       1.01293646520       1.01293646520    
   2.65824459210       1.01487600470       1.01487600470    
   2.73783928650       1.01652227760       1.01652227760    
   2.81795663960       1.01787250810       1.01787250810    
   2.89849491050       1.01892461620       1.01892461620    
   2.97935049070       1.01967710760       1.01967710760    
   3.06041837980       1.02012898280       1.02012898280    
   3.14159265360       1.02027966990       1.02027966990    
