#   48
  -3.14159265359       1.02027966990    
  -2.81795663960       1.01787250810    
  -2.50101788100       1.01070725680    
  -2.19698951540      0.999001984170    
  -1.91108451390      0.983251288230    
  -1.64698710880      0.964316294010    
  -1.52374431180      0.954019265820    
  -1.40645052390      0.943392327920    
  -1.29501308530      0.932607970460    
  -1.18923521860      0.921833629180    
  -1.08883559570      0.911225295810    
 -0.993469592800      0.900922939730    
 -0.902749884290      0.891047891340    
 -0.816264697270      0.881701994270    
 -0.733592846790      0.872968142130    
 -0.654315347430      0.864911765570    
 -0.578023838650      0.857582879100    
 -0.504326260470      0.851018383000    
 -0.432850241420      0.845244405330    
 -0.363244600770      0.840278542940    
 -0.295179295880      0.836131912600    
 -0.228344094620      0.832810958050    
 -0.162446222930      0.830318979940    
 -0.972072181689E-01  0.828657369970    
  0.213162820728E-12  0.827722686090    
  0.972072181693E-01  0.828657369970    
  0.162446222930      0.830318979940    
  0.228344094620      0.832810958050    
  0.295179295880      0.836131912600    
  0.363244600770      0.840278542940    
  0.432850241420      0.845244405330    
  0.504326260470      0.851018383000    
  0.578023838650      0.857582879100    
  0.654315347430      0.864911765570    
  0.733592846790      0.872968142130    
  0.816264697270      0.881701994270    
  0.902749884290      0.891047891340    
  0.993469592800      0.900922939730    
   1.08883559570      0.911225295810    
   1.18923521860      0.921833629180    
   1.29501308530      0.932607970460    
   1.40645052390      0.943392327920    
   1.52374431180      0.954019265820    
   1.64698710880      0.964316294010    
   1.91108451390      0.983251288230    
   2.19698951540      0.999001984170    
   2.50101788100       1.01070725680    
   2.81795663960       1.01787250810    
