 nlambda
 25
 lambda
 0.98012342056958979
 0.98244130973400445
 0.98940617401531261
 1.0009990128606494
 1.0170340094851542
 1.0370041512433783
 1.0481968612452273
 1.0600043803671895
 1.0722619060469316
 1.084794444838741
 1.0974234413796502
 1.1099728466229228
 1.1222741333197619
 1.1341700557544325
 1.1455171749567497
 1.1561873011878538
 1.1660680551942237
 1.1750627483213838
 1.1830897592390219
 1.1900815609323547
 1.1959835343330489
 1.2007526922333824
 1.2043564270592264
 1.2067713825271393
 1.2081340970896959
 ntgrid nperiod ntheta drhodpsi rmaj shat
 72,  2,  48,  7.4694155800262649,  3.065831152372994,  -0.1699999999999999
 gbdrift gradpar grho tgrid
    -1.204851935        0.1653660630        0.6969281530        -9.424777961    
    -1.321502660        0.1653660630        0.7042792724        -9.101141947    
    -1.402282458        0.1653660630        0.7267383552        -8.784203188    
    -1.458059584        0.1653660630        0.7654255296        -8.480174823    
    -1.496627276        0.1653660630        0.8218031098        -8.194269821    
    -1.519637526        0.1653660630        0.8969100436        -7.930172416    
    -1.523760812        0.1653660630        0.9414399554        -7.806929619    
    -1.521284879        0.1653660630        0.9903281593        -7.689635831    
    -1.510600904        0.1653660630         1.043156364        -7.578198392    
    -1.490002760        0.1653660630         1.099345488        -7.472420526    
    -1.457854952        0.1653660630         1.158168499        -7.372020903    
    -1.412753447        0.1653660630         1.218772891        -7.276654900    
    -1.353666004        0.1653660630         1.280210063        -7.185935191    
    -1.280043054        0.1653660630         1.341469283        -7.099450004    
    -1.191893265        0.1653660630         1.401514608        -7.016778154    
    -1.089819694        0.1653660630         1.459323265        -6.937500655    
   -0.9750137824        0.1653660630         1.513923443        -6.861209146    
   -0.8492070818        0.1653660630         1.564428384        -6.787511568    
   -0.7145851916        0.1653660630         1.610063042        -6.716035549    
   -0.5736741657        0.1653660630         1.650180131        -6.646429908    
   -0.4292142592        0.1653660630         1.684264231        -6.578364603    
   -0.2840370969        0.1653660630         1.711924959        -6.511529402    
   -0.1409595857        0.1653660630         1.732882219        -6.445631530    
   -0.2702350054E-02    0.1653660630         1.746947735        -6.380392525    
    0.1900766392        0.1653660630         1.754890952        -6.283185307    
    0.3584084920        0.1653660630         1.746947735        -6.185978089    
    0.4536451527        0.1653660630         1.732882219        -6.120739084    
    0.5332456349        0.1653660630         1.711924959        -6.054841213    
    0.5957385330        0.1653660630         1.684264231        -5.988006011    
    0.6399394339        0.1653660630         1.650180131        -5.919940706    
    0.6649918580        0.1653660630         1.610063042        -5.850335066    
    0.6704128149        0.1653660630         1.564428385        -5.778859047    
    0.6561357175        0.1653660630         1.513923443        -5.705161469    
    0.6225422786        0.1653660630         1.459323265        -5.628869960    
    0.5704759384        0.1653660630         1.401514608        -5.549592460    
    0.5012320835        0.1653660630         1.341469283        -5.466920610    
    0.4165238537        0.1653660630         1.280210063        -5.380435423    
    0.3184255508        0.1653660630         1.218772891        -5.289715714    
    0.2092978241        0.1653660630         1.158168499        -5.194349711    
    0.9169995438E-01    0.1653660630         1.099345488        -5.093950089    
   -0.3170482929E-01    0.1653660630         1.043156363        -4.988172222    
   -0.1582446061        0.1653660630        0.9903281593        -4.876734783    
   -0.2853279667        0.1653660630        0.9414399553        -4.759440995    
   -0.4105209404        0.1653660630        0.8969100436        -4.636198198    
   -0.6466267797        0.1653660630        0.8218031099        -4.372100793    
   -0.8520362059        0.1653660630        0.7654255296        -4.086195792    
    -1.016707286        0.1653660630        0.7267383552        -3.782167426    
    -1.134912067        0.1653660630        0.7042792724        -3.465228668    
    -1.204851935        0.1653660630        0.6969281530        -3.141592654    
    -1.228207363        0.1653660630        0.7042792724        -2.817956640    
    -1.209494872        0.1653660630        0.7267383552        -2.501017881    
    -1.155047895        0.1653660630        0.7654255296        -2.196989515    
    -1.071627028        0.1653660630        0.8218031098        -1.911084514    
   -0.9650792334        0.1653660630        0.8969100436        -1.646987109    
   -0.9045443892        0.1653660630        0.9414399554        -1.523744312    
   -0.8397647427        0.1653660630        0.9903281593        -1.406450524    
   -0.7711528664        0.1653660630         1.043156364        -1.295013085    
   -0.6991514027        0.1653660630         1.099345488        -1.189235219    
   -0.6242785641        0.1653660630         1.158168499        -1.088835596    
   -0.5471639481        0.1653660630         1.218772891       -0.9934695928    
   -0.4685710754        0.1653660630         1.280210063       -0.9027498843    
   -0.3894054853        0.1653660630         1.341469283       -0.8162646973    
   -0.3107086636        0.1653660630         1.401514608       -0.7335928468    
   -0.2336387079        0.1653660630         1.459323265       -0.6543153474    
   -0.1594390324        0.1653660630         1.513923443       -0.5780238386    
   -0.8939713344E-01    0.1653660630         1.564428384       -0.5043262605    
   -0.2479666680E-01    0.1653660630         1.610063042       -0.4328502414    
    0.3313263405E-01    0.1653660630         1.650180131       -0.3632446008    
    0.8326213684E-01    0.1653660630         1.684264231       -0.2951792959    
    0.1246042690        0.1653660630         1.711924959       -0.2283440946    
    0.1563427835        0.1653660630         1.732882219       -0.1624462229    
    0.1778530710        0.1653660630         1.746947735       -0.9720721817E-01
    0.1900766391        0.1653660630         1.754890952        0.2131628207E-12
    0.1778530710        0.1653660630         1.746947735        0.9720721817E-01
    0.1563427835        0.1653660630         1.732882219        0.1624462229    
    0.1246042690        0.1653660630         1.711924959        0.2283440946    
    0.8326213684E-01    0.1653660630         1.684264231        0.2951792959    
    0.3313263405E-01    0.1653660630         1.650180131        0.3632446008    
   -0.2479666680E-01    0.1653660630         1.610063042        0.4328502414    
   -0.8939713344E-01    0.1653660630         1.564428384        0.5043262605    
   -0.1594390324        0.1653660630         1.513923443        0.5780238386    
   -0.2336387079        0.1653660630         1.459323265        0.6543153474    
   -0.3107086636        0.1653660630         1.401514608        0.7335928468    
   -0.3894054854        0.1653660630         1.341469283        0.8162646973    
   -0.4685710754        0.1653660630         1.280210063        0.9027498843    
   -0.5471639481        0.1653660630         1.218772891        0.9934695928    
   -0.6242785641        0.1653660630         1.158168499         1.088835596    
   -0.6991514027        0.1653660630         1.099345488         1.189235219    
   -0.7711528664        0.1653660630         1.043156364         1.295013085    
   -0.8397647427        0.1653660630        0.9903281593         1.406450524    
   -0.9045443892        0.1653660630        0.9414399554         1.523744312    
   -0.9650792334        0.1653660630        0.8969100436         1.646987109    
    -1.071627028        0.1653660630        0.8218031098         1.911084514    
    -1.155047895        0.1653660630        0.7654255296         2.196989515    
    -1.209494872        0.1653660630        0.7267383552         2.501017881    
    -1.228207363        0.1653660630        0.7042792724         2.817956640    
    -1.204851935        0.1653660630        0.6969281530         3.141592654    
    -1.134912067        0.1653660630        0.7042792724         3.465228668    
    -1.016707286        0.1653660630        0.7267383552         3.782167426    
   -0.8520362059        0.1653660630        0.7654255296         4.086195792    
   -0.6466267797        0.1653660630        0.8218031099         4.372100793    
   -0.4105209404        0.1653660630        0.8969100436         4.636198198    
   -0.2853279667        0.1653660630        0.9414399553         4.759440995    
   -0.1582446061        0.1653660630        0.9903281593         4.876734783    
   -0.3170482929E-01    0.1653660630         1.043156363         4.988172222    
    0.9169995438E-01    0.1653660630         1.099345488         5.093950089    
    0.2092978241        0.1653660630         1.158168499         5.194349711    
    0.3184255508        0.1653660630         1.218772891         5.289715714    
    0.4165238537        0.1653660630         1.280210063         5.380435423    
    0.5012320835        0.1653660630         1.341469283         5.466920610    
    0.5704759384        0.1653660630         1.401514608         5.549592460    
    0.6225422786        0.1653660630         1.459323265         5.628869960    
    0.6561357175        0.1653660630         1.513923443         5.705161469    
    0.6704128149        0.1653660630         1.564428385         5.778859047    
    0.6649918580        0.1653660630         1.610063042         5.850335066    
    0.6399394339        0.1653660630         1.650180131         5.919940706    
    0.5957385330        0.1653660630         1.684264231         5.988006011    
    0.5332456349        0.1653660630         1.711924959         6.054841213    
    0.4536451527        0.1653660630         1.732882219         6.120739084    
    0.3584084920        0.1653660630         1.746947735         6.185978089    
    0.1900766392        0.1653660630         1.754890952         6.283185307    
   -0.2702350055E-02    0.1653660630         1.746947735         6.380392525    
   -0.1409595857        0.1653660630         1.732882219         6.445631530    
   -0.2840370969        0.1653660630         1.711924959         6.511529402    
   -0.4292142592        0.1653660630         1.684264231         6.578364603    
   -0.5736741657        0.1653660630         1.650180131         6.646429908    
   -0.7145851916        0.1653660630         1.610063042         6.716035549    
   -0.8492070818        0.1653660630         1.564428384         6.787511568    
   -0.9750137824        0.1653660630         1.513923443         6.861209146    
    -1.089819694        0.1653660630         1.459323265         6.937500655    
    -1.191893265        0.1653660630         1.401514608         7.016778154    
    -1.280043054        0.1653660630         1.341469283         7.099450004    
    -1.353666004        0.1653660630         1.280210063         7.185935191    
    -1.412753447        0.1653660630         1.218772891         7.276654900    
    -1.457854952        0.1653660630         1.158168499         7.372020903    
    -1.490002760        0.1653660630         1.099345488         7.472420526    
    -1.510600904        0.1653660630         1.043156364         7.578198392    
    -1.521284879        0.1653660630        0.9903281593         7.689635831    
    -1.523760812        0.1653660630        0.9414399554         7.806929619    
    -1.519637526        0.1653660630        0.8969100436         7.930172416    
    -1.496627276        0.1653660630        0.8218031098         8.194269821    
    -1.458059584        0.1653660630        0.7654255296         8.480174823    
    -1.402282458        0.1653660630        0.7267383552         8.784203188    
    -1.321502660        0.1653660630        0.7042792724         9.101141947    
    -1.204851935        0.1653660630        0.6969281530         9.424777961    
 cvdrift gds2 bmag tgrid
    -1.083910942         3.189829411         1.020279670        -9.424777961    
    -1.199988758         3.290654567         1.017872508        -9.101141947    
    -1.279038400         3.350699817         1.010707257        -8.784203188    
    -1.331906781         3.398459119        0.9990019842        -8.480174823    
    -1.366391655         3.464063099        0.9832512882        -8.194269821    
    -1.384221878         3.568740649        0.9643162940        -7.930172416    
    -1.385396582         3.638190934        0.9540192658        -7.806929619    
    -1.379775458         3.718169790        0.9433923279        -7.689635831    
    -1.365789285         3.806686437        0.9326079705        -7.578198392    
    -1.341776183         3.900795160        0.9218336292        -7.472420526    
    -1.306147932         3.996728030        0.9112252958        -7.372020903    
    -1.257549184         4.090055557        0.9009229397        -7.276654900    
    -1.194996326         4.175877289        0.8910478913        -7.185935191    
    -1.117987106         4.249048229        0.8817019943        -7.099450004    
    -1.026575205         4.304444812        0.8729681421        -7.016778154    
   -0.9214056170         4.337265298        0.8649117656        -6.937500655    
   -0.8037080963         4.343345155        0.8575828791        -6.861209146    
   -0.6752485173         4.319452976        0.8510183830        -6.787511568    
   -0.5382426110         4.263524813        0.8452444053        -6.716035549    
   -0.3952423191         4.174800777        0.8402785429        -6.646429908    
   -0.2490096003         4.053846794        0.8361319126        -6.578364603    
   -0.1023937395         3.902468583        0.8328109580        -6.511529402    
    0.4177455329E-01     3.723544422        0.8303189799        -6.445631530    
    0.1807645117         3.520813021        0.8286573700        -6.380392525    
    0.3739575878         3.181777745        0.8277226861        -6.283185307    
    0.5418753537         2.815553916        0.8286573700        -6.185978089    
    0.6363792916         2.564879689        0.8303189799        -6.120739084    
    0.7148889923         2.315039727        0.8328109581        -6.054841213    
    0.7759431919         2.071117497        0.8361319126        -5.988006011    
    0.8183712805         1.837997456        0.8402785429        -5.919940706    
    0.8413344386         1.620268234        0.8452444053        -5.850335066    
    0.8443713794         1.422119009        0.8510183830        -5.778859047    
    0.8274414036         1.247230886        0.8575828791        -5.705161469    
    0.7909563560         1.098671183        0.8649117656        -5.628869960    
    0.7357939988        0.9788018800        0.8729681421        -5.549592460    
    0.6632880315        0.8892130445        0.8817019943        -5.466920610    
    0.5751935323        0.8306880548        0.8910478913        -5.380435423    
    0.4736298137        0.8032014682        0.9009229397        -5.289715714    
    0.3610048443        0.8059448378        0.9112252958        -5.194349711    
    0.2399265311        0.8373723943        0.9218336292        -5.093950089    
    0.1131067896        0.8952577480        0.9326079705        -4.988172222    
   -0.1673518483E-01    0.9767542479        0.9433923279        -4.876734783    
   -0.1469637373         1.078454815        0.9540192658        -4.759440995    
   -0.2751052916         1.196451543        0.9643162940        -4.636198198    
   -0.5163911585         1.463601441        0.9832512882        -4.372100793    
   -0.7258834029         1.739853467        0.9990019842        -4.086195792    
   -0.8934632279         1.985453405         1.010707257        -3.782167426    
    -1.013398165         2.165405903         1.017872508        -3.465228668    
    -1.083910942         2.256348030         1.020279670        -3.141592654    
    -1.106693462         2.251392036         1.017872508        -2.817956640    
    -1.086250814         2.160555757         1.010707257        -2.501017881    
    -1.028895092         2.006163556        0.9990019842        -2.196989515    
   -0.9413914067         1.814849980        0.9832512882        -1.911084514    
   -0.8296635846         1.609566285        0.9643162940        -1.646987109    
   -0.7661801598         1.506627503        0.9540192658        -1.523744312    
   -0.6982553215         1.405013375        0.9433923279        -1.406450524    
   -0.6263412475         1.305292933        0.9326079705        -1.295013085    
   -0.5509248260         1.207720700        0.9218336292        -1.189235219    
   -0.4725715439         1.112366020        0.9112252958        -1.088835596    
   -0.3919596852         1.019231537        0.9009229397       -0.9934695928    
   -0.3099013969        0.9283521333        0.8910478913       -0.9027498843    
   -0.2273495373        0.8398711674        0.8817019943       -0.8162646973    
   -0.1453906031        0.7540936514        0.8729681421       -0.7335928468    
   -0.6522463047E-01    0.6715166557        0.8649117656       -0.6543153474    
    0.1186665365E-01    0.5928367542        0.8575828791       -0.5780238386    
    0.8456143108E-01    0.5189342046        0.8510183830       -0.5043262605    
    0.1515459138        0.4508347796        0.8452444053       -0.4328502414    
    0.2115644806        0.3896527672        0.8402785429       -0.3632446008    
    0.2634667958        0.3365215659        0.8361319126       -0.2951792959    
    0.3062476264        0.2925200334        0.8328109581       -0.2283440946    
    0.3390769224        0.2586025630        0.8303189799       -0.1624462229    
    0.3613199328        0.2355390756        0.8286573700       -0.9720721817E-01
    0.3739575878        0.2224033179        0.8277226861        0.2131628207E-12
    0.3613199328        0.2355390756        0.8286573700        0.9720721817E-01
    0.3390769224        0.2586025630        0.8303189799        0.1624462229    
    0.3062476264        0.2925200334        0.8328109581        0.2283440946    
    0.2634667958        0.3365215659        0.8361319126        0.2951792959    
    0.2115644806        0.3896527672        0.8402785429        0.3632446008    
    0.1515459138        0.4508347796        0.8452444053        0.4328502414    
    0.8456143108E-01    0.5189342046        0.8510183830        0.5043262605    
    0.1186665365E-01    0.5928367542        0.8575828791        0.5780238386    
   -0.6522463047E-01    0.6715166557        0.8649117656        0.6543153474    
   -0.1453906031        0.7540936513        0.8729681421        0.7335928468    
   -0.2273495373        0.8398711674        0.8817019943        0.8162646973    
   -0.3099013969        0.9283521333        0.8910478913        0.9027498843    
   -0.3919596852         1.019231537        0.9009229397        0.9934695928    
   -0.4725715439         1.112366020        0.9112252958         1.088835596    
   -0.5509248260         1.207720700        0.9218336292         1.189235219    
   -0.6263412475         1.305292933        0.9326079705         1.295013085    
   -0.6982553215         1.405013375        0.9433923279         1.406450524    
   -0.7661801598         1.506627503        0.9540192658         1.523744312    
   -0.8296635846         1.609566285        0.9643162940         1.646987109    
   -0.9413914067         1.814849980        0.9832512882         1.911084514    
    -1.028895092         2.006163556        0.9990019842         2.196989515    
    -1.086250814         2.160555757         1.010707257         2.501017881    
    -1.106693462         2.251392036         1.017872508         2.817956640    
    -1.083910942         2.256348030         1.020279670         3.141592654    
    -1.013398165         2.165405903         1.017872508         3.465228668    
   -0.8934632279         1.985453405         1.010707257         3.782167426    
   -0.7258834029         1.739853467        0.9990019842         4.086195792    
   -0.5163911585         1.463601441        0.9832512882         4.372100793    
   -0.2751052916         1.196451543        0.9643162940         4.636198198    
   -0.1469637373         1.078454815        0.9540192658         4.759440995    
   -0.1673518483E-01    0.9767542479        0.9433923279         4.876734783    
    0.1131067896        0.8952577480        0.9326079705         4.988172222    
    0.2399265311        0.8373723943        0.9218336292         5.093950089    
    0.3610048443        0.8059448378        0.9112252958         5.194349711    
    0.4736298137        0.8032014682        0.9009229397         5.289715714    
    0.5751935323        0.8306880548        0.8910478913         5.380435423    
    0.6632880315        0.8892130445        0.8817019943         5.466920610    
    0.7357939988        0.9788018800        0.8729681421         5.549592460    
    0.7909563560         1.098671183        0.8649117656         5.628869960    
    0.8274414036         1.247230886        0.8575828791         5.705161469    
    0.8443713794         1.422119009        0.8510183830         5.778859047    
    0.8413344386         1.620268234        0.8452444053         5.850335066    
    0.8183712805         1.837997456        0.8402785429         5.919940706    
    0.7759431919         2.071117497        0.8361319126         5.988006011    
    0.7148889923         2.315039727        0.8328109581         6.054841213    
    0.6363792916         2.564879689        0.8303189799         6.120739084    
    0.5418753537         2.815553916        0.8286573700         6.185978089    
    0.3739575878         3.181777745        0.8277226861         6.283185307    
    0.1807645117         3.520813021        0.8286573700         6.380392525    
    0.4177455329E-01     3.723544422        0.8303189799         6.445631530    
   -0.1023937395         3.902468583        0.8328109580         6.511529402    
   -0.2490096003         4.053846794        0.8361319126         6.578364603    
   -0.3952423191         4.174800777        0.8402785429         6.646429908    
   -0.5382426110         4.263524813        0.8452444053         6.716035549    
   -0.6752485173         4.319452976        0.8510183830         6.787511568    
   -0.8037080963         4.343345155        0.8575828791         6.861209146    
   -0.9214056170         4.337265298        0.8649117656         6.937500655    
    -1.026575205         4.304444812        0.8729681421         7.016778154    
    -1.117987106         4.249048229        0.8817019943         7.099450004    
    -1.194996326         4.175877289        0.8910478913         7.185935191    
    -1.257549184         4.090055557        0.9009229397         7.276654900    
    -1.306147932         3.996728030        0.9112252958         7.372020903    
    -1.341776183         3.900795160        0.9218336292         7.472420526    
    -1.365789285         3.806686437        0.9326079705         7.578198392    
    -1.379775458         3.718169790        0.9433923279         7.689635831    
    -1.385396582         3.638190934        0.9540192658         7.806929619    
    -1.384221878         3.568740649        0.9643162940         7.930172416    
    -1.366391655         3.464063099        0.9832512882         8.194269821    
    -1.331906781         3.398459119        0.9990019842         8.480174823    
    -1.279038400         3.350699817         1.010707257         8.784203188    
    -1.199988758         3.290654567         1.017872508         9.101141947    
    -1.083910942         3.189829411         1.020279670         9.424777961    
 gds21 gds22 tgrid
    0.1114261320        0.1182267979E-01    -9.424777961    
    0.1206316327        0.1207340374E-01    -9.101141947    
    0.1350961797        0.1285571019E-01    -8.784203188    
    0.1555973902        0.1426086264E-01    -8.480174823    
    0.1828850771        0.1643900285E-01    -8.194269821    
    0.2174221951        0.1958112702E-01    -7.930172416    
    0.2374003598        0.2157372619E-01    -7.806929619    
    0.2590728813        0.2387251453E-01    -7.689635831    
    0.2822670797        0.2648736362E-01    -7.578198392    
    0.3067264037        0.2941767238E-01    -7.472420526    
    0.3321033166        0.3265001662E-01    -7.372020903    
    0.3579572371        0.3615642490E-01    -7.276654900    
    0.3837591470        0.3989352234E-01    -7.185935191    
    0.4089042340        0.4380274987E-01    -7.099450004    
    0.4327333629        0.4781180810E-01    -7.016778154    
    0.4545630710        0.5183736560E-01    -6.937500655    
    0.4737221152        0.5578889226E-01    -6.861209146    
    0.4895906971        0.5957324872E-01    -6.787511568    
    0.5016371574        0.6309946435E-01    -6.716035549    
    0.5094469928        0.6628307036E-01    -6.646429908    
    0.5127407040        0.6904947189E-01    -6.578364603    
    0.5113795678        0.7133609920E-01    -6.511529402    
    0.5053609241        0.7309337260E-01    -6.445631530    
    0.4948062575        0.7428476164E-01    -6.380392525    
    0.4709990686        0.7496182996E-01    -6.283185307    
    0.4386835168        0.7428476165E-01    -6.185978089    
    0.4131572952        0.7309337260E-01    -6.120739084    
    0.3850559439        0.7133609920E-01    -6.054841213    
    0.3549600241        0.6904947189E-01    -5.988006011    
    0.3234899373        0.6628307036E-01    -5.919940706    
    0.2912932600        0.6309946435E-01    -5.850335066    
    0.2590279014        0.5957324872E-01    -5.778859047    
    0.2273408389        0.5578889227E-01    -5.705161469    
    0.1968435885        0.5183736561E-01    -5.628869960    
    0.1680867684        0.4781180810E-01    -5.549592460    
    0.1415367528        0.4380274987E-01    -5.466920610    
    0.1175572266        0.3989352233E-01    -5.380435423    
    0.9639756507E-01    0.3615642490E-01    -5.289715714    
    0.7818880099E-01    0.3265001662E-01    -5.194349711    
    0.6294695758E-01    0.2941767238E-01    -5.093950089    
    0.5058294131E-01    0.2648736362E-01    -4.988172222    
    0.4091791151E-01    0.2387251453E-01    -4.876734783    
    0.3370288802E-01    0.2157372619E-01    -4.759440995    
    0.2864116996E-01    0.1958112702E-01    -4.636198198    
    0.2369296359E-01    0.1643900286E-01    -4.372100793    
    0.2360932950E-01    0.1426086264E-01    -4.086195792    
    0.2645308218E-01    0.1285571019E-01    -3.782167426    
    0.3108712565E-01    0.1207340374E-01    -3.465228668    
    0.3714204399E-01    0.1182267979E-01    -3.141592654    
    0.4477225352E-01    0.1207340374E-01    -2.817956640    
    0.5432154875E-01    0.1285571019E-01    -2.501017881    
    0.6599403034E-01    0.1426086264E-01    -2.196989515    
    0.7959605676E-01    0.1643900285E-01    -1.911084514    
    0.9439051259E-01    0.1958112702E-01    -1.646987109    
    0.1018487359        0.2157372619E-01    -1.523744312    
    0.1090774849        0.2387251453E-01    -1.406450524    
    0.1158420692        0.2648736362E-01    -1.295013085    
    0.1218897231        0.2941767238E-01    -1.189235219    
    0.1269572578        0.3265001662E-01    -1.088835596    
    0.1307798360        0.3615642490E-01   -0.9934695928    
    0.1331009602        0.3989352233E-01   -0.9027498843    
    0.1336837406        0.4380274987E-01   -0.8162646973    
    0.1323232973        0.4781180810E-01   -0.7335928468    
    0.1288597412        0.5183736560E-01   -0.6543153474    
    0.1231906381        0.5578889227E-01   -0.5780238386    
    0.1152813979        0.5957324872E-01   -0.5043262605    
    0.1051719487        0.6309946435E-01   -0.4328502414    
    0.9297852775E-01    0.6628307036E-01   -0.3632446008    
    0.7889033993E-01    0.6904947189E-01   -0.2951792959    
    0.6316181191E-01    0.7133609920E-01   -0.2283440946    
    0.4610181446E-01    0.7309337260E-01   -0.1624462229    
    0.2806137036E-01    0.7428476165E-01   -0.9720721817E-01
     0.000000000        0.7496182996E-01    0.2131628207E-12
   -0.2806137036E-01    0.7428476165E-01    0.9720721817E-01
   -0.4610181446E-01    0.7309337260E-01    0.1624462229    
   -0.6316181191E-01    0.7133609920E-01    0.2283440946    
   -0.7889033993E-01    0.6904947189E-01    0.2951792959    
   -0.9297852775E-01    0.6628307036E-01    0.3632446008    
   -0.1051719487        0.6309946435E-01    0.4328502414    
   -0.1152813979        0.5957324872E-01    0.5043262605    
   -0.1231906382        0.5578889227E-01    0.5780238386    
   -0.1288597412        0.5183736560E-01    0.6543153474    
   -0.1323232972        0.4781180810E-01    0.7335928468    
   -0.1336837406        0.4380274987E-01    0.8162646973    
   -0.1331009602        0.3989352233E-01    0.9027498843    
   -0.1307798360        0.3615642490E-01    0.9934695928    
   -0.1269572578        0.3265001662E-01     1.088835596    
   -0.1218897231        0.2941767238E-01     1.189235219    
   -0.1158420692        0.2648736362E-01     1.295013085    
   -0.1090774849        0.2387251453E-01     1.406450524    
   -0.1018487359        0.2157372619E-01     1.523744312    
   -0.9439051259E-01    0.1958112702E-01     1.646987109    
   -0.7959605676E-01    0.1643900285E-01     1.911084514    
   -0.6599403034E-01    0.1426086264E-01     2.196989515    
   -0.5432154875E-01    0.1285571019E-01     2.501017881    
   -0.4477225352E-01    0.1207340374E-01     2.817956640    
   -0.3714204399E-01    0.1182267979E-01     3.141592654    
   -0.3108712565E-01    0.1207340374E-01     3.465228668    
   -0.2645308218E-01    0.1285571019E-01     3.782167426    
   -0.2360932950E-01    0.1426086264E-01     4.086195792    
   -0.2369296359E-01    0.1643900286E-01     4.372100793    
   -0.2864116996E-01    0.1958112702E-01     4.636198198    
   -0.3370288802E-01    0.2157372619E-01     4.759440995    
   -0.4091791151E-01    0.2387251453E-01     4.876734783    
   -0.5058294131E-01    0.2648736362E-01     4.988172222    
   -0.6294695758E-01    0.2941767238E-01     5.093950089    
   -0.7818880099E-01    0.3265001662E-01     5.194349711    
   -0.9639756507E-01    0.3615642490E-01     5.289715714    
   -0.1175572266        0.3989352233E-01     5.380435423    
   -0.1415367528        0.4380274987E-01     5.466920610    
   -0.1680867684        0.4781180810E-01     5.549592460    
   -0.1968435885        0.5183736561E-01     5.628869960    
   -0.2273408389        0.5578889227E-01     5.705161469    
   -0.2590279014        0.5957324872E-01     5.778859047    
   -0.2912932600        0.6309946435E-01     5.850335066    
   -0.3234899373        0.6628307036E-01     5.919940706    
   -0.3549600241        0.6904947189E-01     5.988006011    
   -0.3850559439        0.7133609920E-01     6.054841213    
   -0.4131572952        0.7309337260E-01     6.120739084    
   -0.4386835168        0.7428476165E-01     6.185978089    
   -0.4709990686        0.7496182996E-01     6.283185307    
   -0.4948062575        0.7428476164E-01     6.380392525    
   -0.5053609241        0.7309337260E-01     6.445631530    
   -0.5113795678        0.7133609920E-01     6.511529402    
   -0.5127407040        0.6904947189E-01     6.578364603    
   -0.5094469928        0.6628307036E-01     6.646429908    
   -0.5016371574        0.6309946435E-01     6.716035549    
   -0.4895906971        0.5957324872E-01     6.787511568    
   -0.4737221152        0.5578889226E-01     6.861209146    
   -0.4545630710        0.5183736560E-01     6.937500655    
   -0.4327333629        0.4781180810E-01     7.016778154    
   -0.4089042340        0.4380274987E-01     7.099450004    
   -0.3837591470        0.3989352234E-01     7.185935191    
   -0.3579572371        0.3615642490E-01     7.276654900    
   -0.3321033166        0.3265001662E-01     7.372020903    
   -0.3067264037        0.2941767238E-01     7.472420526    
   -0.2822670797        0.2648736362E-01     7.578198392    
   -0.2590728813        0.2387251453E-01     7.689635831    
   -0.2374003598        0.2157372619E-01     7.806929619    
   -0.2174221951        0.1958112702E-01     7.930172416    
   -0.1828850771        0.1643900285E-01     8.194269821    
   -0.1555973902        0.1426086264E-01     8.480174823    
   -0.1350961797        0.1285571019E-01     8.784203188    
   -0.1206316327        0.1207340374E-01     9.101141947    
   -0.1114261320        0.1182267979E-01     9.424777961    
 cvdrift0 gbdrift0 tgrid
   -0.1383357588E-11   -0.1383357588E-11    -9.424777961    
   -0.1484841812E-01   -0.1484841812E-01    -9.101141947    
   -0.3068316505E-01   -0.3068316505E-01    -8.784203188    
   -0.4822596030E-01   -0.4822596030E-01    -8.480174823    
   -0.6764107423E-01   -0.6764107423E-01    -8.194269821    
   -0.8826081341E-01   -0.8826081341E-01    -7.930172416    
   -0.9855142392E-01   -0.9855142392E-01    -7.806929619    
   -0.1084673247       -0.1084673247        -7.689635831    
   -0.1176868127       -0.1176868127        -7.578198392    
   -0.1258679070       -0.1258679070        -7.472420526    
   -0.1326678324       -0.1326678324        -7.372020903    
   -0.1377629182       -0.1377629182        -7.276654900    
   -0.1408673492       -0.1408673492        -7.185935191    
   -0.1417495266       -0.1417495266        -7.099450004    
   -0.1402450647       -0.1402450647        -7.016778154    
   -0.1362656220       -0.1362656220        -6.937500655    
   -0.1298029274       -0.1298029274        -6.861209146    
   -0.1209276583       -0.1209276583        -6.787511568    
   -0.1097833693       -0.1097833693        -6.716035549    
   -0.9657638256E-01   -0.9657638256E-01    -6.646429908    
   -0.8156320113E-01   -0.8156320113E-01    -6.578364603    
   -0.6503731865E-01   -0.6503731865E-01    -6.511529402    
   -0.4731715144E-01   -0.4731715144E-01    -6.445631530    
   -0.2873628996E-01   -0.2873628996E-01    -6.380392525    
    0.6148274337E-11    0.6148274337E-11    -6.283185307    
    0.2873628995E-01    0.2873628995E-01    -6.185978089    
    0.4731715145E-01    0.4731715145E-01    -6.120739084    
    0.6503731866E-01    0.6503731866E-01    -6.054841213    
    0.8156320114E-01    0.8156320114E-01    -5.988006011    
    0.9657638257E-01    0.9657638257E-01    -5.919940706    
    0.1097833693        0.1097833693        -5.850335066    
    0.1209276583        0.1209276583        -5.778859047    
    0.1298029274        0.1298029274        -5.705161469    
    0.1362656220        0.1362656220        -5.628869960    
    0.1402450647        0.1402450647        -5.549592460    
    0.1417495266        0.1417495266        -5.466920610    
    0.1408673492        0.1408673492        -5.380435423    
    0.1377629182        0.1377629182        -5.289715714    
    0.1326678323        0.1326678323        -5.194349711    
    0.1258679070        0.1258679070        -5.093950089    
    0.1176868127        0.1176868127        -4.988172222    
    0.1084673247        0.1084673247        -4.876734783    
    0.9855142392E-01    0.9855142392E-01    -4.759440995    
    0.8826081341E-01    0.8826081341E-01    -4.636198198    
    0.6764107424E-01    0.6764107424E-01    -4.372100793    
    0.4822596029E-01    0.4822596029E-01    -4.086195792    
    0.3068316505E-01    0.3068316505E-01    -3.782167426    
    0.1484841812E-01    0.1484841812E-01    -3.465228668    
   -0.4612610198E-12   -0.4612610198E-12    -3.141592654    
   -0.1484841812E-01   -0.1484841812E-01    -2.817956640    
   -0.3068316505E-01   -0.3068316505E-01    -2.501017881    
   -0.4822596029E-01   -0.4822596029E-01    -2.196989515    
   -0.6764107423E-01   -0.6764107423E-01    -1.911084514    
   -0.8826081341E-01   -0.8826081341E-01    -1.646987109    
   -0.9855142392E-01   -0.9855142392E-01    -1.523744312    
   -0.1084673247       -0.1084673247        -1.406450524    
   -0.1176868127       -0.1176868127        -1.295013085    
   -0.1258679070       -0.1258679070        -1.189235219    
   -0.1326678323       -0.1326678323        -1.088835596    
   -0.1377629182       -0.1377629182       -0.9934695928    
   -0.1408673492       -0.1408673492       -0.9027498843    
   -0.1417495266       -0.1417495266       -0.8162646973    
   -0.1402450647       -0.1402450647       -0.7335928468    
   -0.1362656220       -0.1362656220       -0.6543153474    
   -0.1298029274       -0.1298029274       -0.5780238386    
   -0.1209276583       -0.1209276583       -0.5043262605    
   -0.1097833693       -0.1097833693       -0.4328502414    
   -0.9657638257E-01   -0.9657638257E-01   -0.3632446008    
   -0.8156320114E-01   -0.8156320114E-01   -0.2951792959    
   -0.6503731865E-01   -0.6503731865E-01   -0.2283440946    
   -0.4731715144E-01   -0.4731715144E-01   -0.1624462229    
   -0.2873628995E-01   -0.2873628995E-01   -0.9720721817E-01
     0.000000000         0.000000000        0.2131628207E-12
    0.2873628995E-01    0.2873628995E-01    0.9720721817E-01
    0.4731715144E-01    0.4731715144E-01    0.1624462229    
    0.6503731865E-01    0.6503731865E-01    0.2283440946    
    0.8156320114E-01    0.8156320114E-01    0.2951792959    
    0.9657638257E-01    0.9657638257E-01    0.3632446008    
    0.1097833693        0.1097833693        0.4328502414    
    0.1209276583        0.1209276583        0.5043262605    
    0.1298029274        0.1298029274        0.5780238386    
    0.1362656220        0.1362656220        0.6543153474    
    0.1402450647        0.1402450647        0.7335928468    
    0.1417495266        0.1417495266        0.8162646973    
    0.1408673492        0.1408673492        0.9027498843    
    0.1377629182        0.1377629182        0.9934695928    
    0.1326678323        0.1326678323         1.088835596    
    0.1258679070        0.1258679070         1.189235219    
    0.1176868127        0.1176868127         1.295013085    
    0.1084673247        0.1084673247         1.406450524    
    0.9855142392E-01    0.9855142392E-01     1.523744312    
    0.8826081341E-01    0.8826081341E-01     1.646987109    
    0.6764107423E-01    0.6764107423E-01     1.911084514    
    0.4822596029E-01    0.4822596029E-01     2.196989515    
    0.3068316505E-01    0.3068316505E-01     2.501017881    
    0.1484841812E-01    0.1484841812E-01     2.817956640    
    0.4612610198E-12    0.4612610198E-12     3.141592654    
   -0.1484841812E-01   -0.1484841812E-01     3.465228668    
   -0.3068316505E-01   -0.3068316505E-01     3.782167426    
   -0.4822596029E-01   -0.4822596029E-01     4.086195792    
   -0.6764107424E-01   -0.6764107424E-01     4.372100793    
   -0.8826081341E-01   -0.8826081341E-01     4.636198198    
   -0.9855142392E-01   -0.9855142392E-01     4.759440995    
   -0.1084673247       -0.1084673247         4.876734783    
   -0.1176868127       -0.1176868127         4.988172222    
   -0.1258679070       -0.1258679070         5.093950089    
   -0.1326678323       -0.1326678323         5.194349711    
   -0.1377629182       -0.1377629182         5.289715714    
   -0.1408673492       -0.1408673492         5.380435423    
   -0.1417495266       -0.1417495266         5.466920610    
   -0.1402450647       -0.1402450647         5.549592460    
   -0.1362656220       -0.1362656220         5.628869960    
   -0.1298029274       -0.1298029274         5.705161469    
   -0.1209276583       -0.1209276583         5.778859047    
   -0.1097833693       -0.1097833693         5.850335066    
   -0.9657638257E-01   -0.9657638257E-01     5.919940706    
   -0.8156320114E-01   -0.8156320114E-01     5.988006011    
   -0.6503731866E-01   -0.6503731866E-01     6.054841213    
   -0.4731715145E-01   -0.4731715145E-01     6.120739084    
   -0.2873628995E-01   -0.2873628995E-01     6.185978089    
   -0.6021200117E-11   -0.6021200117E-11     6.283185307    
    0.2873628997E-01    0.2873628997E-01     6.380392525    
    0.4731715144E-01    0.4731715144E-01     6.445631530    
    0.6503731865E-01    0.6503731865E-01     6.511529402    
    0.8156320113E-01    0.8156320113E-01     6.578364603    
    0.9657638256E-01    0.9657638256E-01     6.646429908    
    0.1097833693        0.1097833693         6.716035549    
    0.1209276583        0.1209276583         6.787511568    
    0.1298029274        0.1298029274         6.861209146    
    0.1362656220        0.1362656220         6.937500655    
    0.1402450647        0.1402450647         7.016778154    
    0.1417495266        0.1417495266         7.099450004    
    0.1408673492        0.1408673492         7.185935191    
    0.1377629182        0.1377629182         7.276654900    
    0.1326678324        0.1326678324         7.372020903    
    0.1258679070        0.1258679070         7.472420526    
    0.1176868127        0.1176868127         7.578198392    
    0.1084673247        0.1084673247         7.689635831    
    0.9855142392E-01    0.9855142392E-01     7.806929619    
    0.8826081341E-01    0.8826081341E-01     7.930172416    
    0.6764107423E-01    0.6764107423E-01     8.194269821    
    0.4822596030E-01    0.4822596030E-01     8.480174823    
    0.3068316505E-01    0.3068316505E-01     8.784203188    
    0.1484841812E-01    0.1484841812E-01     9.101141947    
    0.1383357588E-11    0.1383357588E-11     9.424777961    
