gs2
Date: 19981217 Time: 091939.800 -0800
 time= 5.
t=0.5000E+01 <phi**2>=0.2845E-09 heat fluxes: -.2274E-08 -.1406E-08
 aky= 0.1414  theta0= 0.E+0
aky= 0.14 th0=0.00 om=   1.655   0.301 omav=   1.665   0.298 phtot=0.24E-09
 phi(0)= (-4.62734432723990339E-5,-1.06181352121892122E-5)
 omega= (1.6553412931438241,0.30104745749719908)  omega/(vt/a)= 0.16550913177339904,  3.01001995898507076E-2
 omavg= (1.6647619795245612,0.29841519947845191)  omavg/(vt/a)= 0.16645105814836675,  2.98370135380734321E-2
 aky= 0.28449999999999998  theta0= 0.E+0
aky= 0.28 th0=0.00 om=   1.674   0.450 omav=   1.670   0.475 phtot=0.74E-09
 phi(0)= (-3.00912243677445479E-5,-2.49914183604142184E-5)
 omega= (1.6736978461886929,0.44975268328317936)  omega/(vt/a)= 0.33670094101039427,  9.04775924927155861E-2
 omavg= (1.6695596440098897,0.47484754544044833)  omavg/(vt/a)= 0.33586845110137803,  9.55259730723521799E-2
 aky= 0.42759999999999998  theta0= 0.E+0
aky= 0.43 th0=0.00 om=   1.522   0.330 omav=   1.474   0.510 phtot=0.20E-10
 phi(0)= (-4.64306737330866027E-6,-3.92285203245766357E-6)
 omega= (1.5224996112189779,0.33040354322399274)  omega/(vt/a)= 0.46034124624346079,  9.99004385486913643E-2
 omavg= (1.4735858519795748,0.50994910767300794)  omavg/(vt/a)= 0.44555173777935597,  0.154187630668084
 aky= 0.57069999999999999  theta0= 0.E+0
aky= 0.57 th0=0.00 om=   1.422   0.353 omav=   1.300   0.414 phtot=0.35E-10
 phi(0)= (-1.07537183020477843E-5,-3.76499537882384957E-7)
 omega= (1.4222651480584478,0.3533522906089081)  omega/(vt/a)= 0.57394918390891414,  0.14259384693788049
 omavg= (1.2996873839079557,0.41419897695707736)  omavg/(vt/a)= 0.52448343710664258,  0.16714827409287836
 aky= 0.71379999999999999  theta0= 0.E+0
aky= 0.71 th0=0.00 om=   1.307   0.285 omav=   1.295   0.303 phtot=0.21E-10
 phi(0)= (-9.0605053381536649E-6,-2.53898947398599166E-6)
 omega= (1.3072030071160625,0.28458669533178382)  omega/(vt/a)= 0.6597882606313753,  0.14364024538624515
 omavg= (1.294600033500674,0.30253968350510368)  omavg/(vt/a)= 0.65342712621291532,  0.15270170774176944
 aky= 0.8569  theta0= 0.E+0
aky= 0.86 th0=0.00 om=   1.307   0.202 omav=   1.304   0.164 phtot=0.83E-11
 phi(0)= (-5.33193798640823947E-6,-2.86051947621503191E-6)
 omega= (1.3072436050771088,0.20195928099025395)  omega/(vt/a)= 0.79208478478376487,  0.12237112730707396
 omavg= (1.3036902272434934,0.16374893317812531)  omavg/(vt/a)= 0.78993172279465795,  9.92187209722979191E-2
 aky= 1.  theta0= 0.E+0
aky= 1.00 th0=0.00 om=   1.362   0.075 omav=   1.289   0.064 phtot=0.32E-11
 phi(0)= (-2.66739102372577533E-6,-2.58754105700923813E-6)
 omega= (1.3619071374873881,7.46060843292272041E-2)  omega/(vt/a)= 0.96301377226369178,  5.27544681469719681E-2
 omavg= (1.2885795358181238,6.35415750409734637E-2)  omavg/(vt/a)= 0.91116332787520893,  4.49306785987462071E-2
 time= 10.
t=0.1000E+02 <phi**2>=0.5000E-08 heat fluxes: -.1781E-06 -.1148E-06
 aky= 0.1414  theta0= 0.E+0
aky= 0.14 th0=0.00 om=   1.661   0.296 omav=   1.664   0.294 phtot=0.29E-07
 phi(0)= (4.50025591428673426E-5,1.98260645746093983E-4)
 omega= (1.6609314440812208,0.29598258795786608)  omega/(vt/a)= 0.16606806244948558,  2.95937891212225274E-2
 omavg= (1.6642254085203725,0.2935552589206849)  omavg/(vt/a)= 0.16639740915078186,  2.93510928729405658E-2
 aky= 0.28449999999999998  theta0= 0.E+0
aky= 0.28 th0=0.00 om=   1.664   0.480 omav=   1.663   0.478 phtot=0.89E-07
 phi(0)= (-9.55436993998516897E-5,4.18289464582987768E-4)
 omega= (1.6644447287584874,0.47982239968618368)  omega/(vt/a)= 0.33483947398806135,  9.65267738499495237E-2
 omavg= (1.6632022427943238,0.47755325824144795)  omavg/(vt/a)= 0.33458952075171189,  9.60702864012334817E-2
 aky= 0.42759999999999998  theta0= 0.E+0
aky= 0.43 th0=0.00 om=   1.495   0.460 omav=   1.504   0.473 phtot=0.12E-08
 phi(0)= (-4.75948798651583171E-5,3.39483282760679849E-5)
 omega= (1.4954011098896347,0.45966464060107953)  omega/(vt/a)= 0.45214777428369313,  0.13898367654684354
 omavg= (1.5040772893977685,0.47279271320441718)  omavg/(vt/a)= 0.45477109402576421,  0.14295306560839902
 aky= 0.57069999999999999  theta0= 0.E+0
aky= 0.57 th0=0.00 om=   1.394   0.399 omav=   1.398   0.401 phtot=0.16E-08
 phi(0)= (-5.81978929052082326E-5,5.00180877501109439E-5)
 omega= (1.3937270702372453,0.39912712706389486)  omega/(vt/a)= 0.56243276132191056,  0.16106609176703102
 omavg= (1.3981219472050532,0.40139279864551403)  omavg/(vt/a)= 0.56420629563968305,  0.16198039410865214
 aky= 0.71379999999999999  theta0= 0.E+0
aky= 0.71 th0=0.00 om=   1.333   0.311 omav=   1.338   0.309 phtot=0.40E-09
 phi(0)= (-4.16596687701794349E-5,5.41248658327344721E-6)
 omega= (1.3327657651027656,0.31053040319302172)  omega/(vt/a)= 0.67269062356748666,  0.15673488622696569
 omavg= (1.3376344130984157,0.30850363637002715)  omavg/(vt/a)= 0.67514799000191927,  0.15571191049208027
 aky= 0.8569  theta0= 0.E+0
aky= 0.86 th0=0.00 om=   1.286   0.215 omav=   1.291   0.217 phtot=0.62E-10
 phi(0)= (-1.60023165483548606E-5,-5.83093887870342544E-6)
 omega= (1.2855261774792486,0.21519625432982942)  omega/(vt/a)= 0.77892576537980807,  0.13039167155616793
 omavg= (1.2905888342017207,0.21677203599794334)  omavg/(vt/a)= 0.7819933293326008,  0.13134646887061383
 aky= 1.  theta0= 0.E+0
aky= 1.00 th0=0.00 om=   1.234   0.155 omav=   1.267   0.143 phtot=0.10E-10
 phi(0)= (-4.96039816380758512E-6,-4.96325758177399134E-6)
 omega= (1.2336092372004419,0.15548197262700433)  omega/(vt/a)= 0.87229345695879656,  0.10994235719681592
 omavg= (1.2669429836732962,0.14339148682326103)  omavg/(vt/a)= 0.89586397513210503,  0.10139309269714934
 time= 15.
t=0.1500E+02 <phi**2>=0.9178E-07 heat fluxes: -.1950E-04 -.1268E-04
 aky= 0.1414  theta0= 0.E+0
aky= 0.14 th0=0.00 om=   1.662   0.291 omav=   1.662   0.293 phtot=0.35E-05
 phi(0)= (6.77934019550025164E-4,-5.50562548867214257E-4)
 omega= (1.6619681624147986,0.29055286118111567)  omega/(vt/a)= 0.16617171862721442,  2.9050898438612912E-2
 omavg= (1.6620435813914516,0.29273286688257605)  omavg/(vt/a)= 0.16617925938596717,  2.92688660881871669E-2
 aky= 0.28449999999999998  theta0= 0.E+0
aky= 0.28 th0=0.00 om=   1.663   0.479 omav=   1.663   0.479 phtot=0.11E-04
 phi(0)= (4.58543672549904455E-3,-1.10746044600148661E-3)
 omega= (1.6630339230483369,0.47931581518148603)  omega/(vt/a)= 0.33455565955209721,  9.6424863293141802E-2
 omavg= (1.6630588289561883,0.47932367823537553)  omavg/(vt/a)= 0.33456066992038402,  9.64264451184693727E-2
 aky= 0.42759999999999998  theta0= 0.E+0
aky= 0.43 th0=0.00 om=   1.507   0.460 omav=   1.509   0.459 phtot=0.11E-06
 phi(0)= (1.65748275691609312E-4,5.47113559076243096E-4)
 omega= (1.5072109719426692,0.45960030143978309)  omega/(vt/a)= 0.45571859070649962,  0.13896422303140404
 omavg= (1.5091344859697433,0.4591106112695173)  omavg/(vt/a)= 0.45630018221421836,  0.13881616086994783
 aky= 0.57069999999999999  theta0= 0.E+0
aky= 0.57 th0=0.00 om=   1.396   0.395 omav=   1.396   0.394 phtot=0.82E-07
 phi(0)= (-9.54197937069125609E-5,5.44315334983767906E-4)
 omega= (1.3959896516855561,0.39477093734529134)  omega/(vt/a)= 0.56334581665308991,  0.15930816952773691
 omavg= (1.3959521026471213,0.39426482467449203)  omavg/(vt/a)= 0.56333066389483277,  0.15910392986485283
 aky= 0.71379999999999999  theta0= 0.E+0
aky= 0.71 th0=0.00 om=   1.332   0.305 omav=   1.331   0.305 phtot=0.86E-08
 phi(0)= (-1.70648394015909794E-4,9.3183178900561688E-5)
 omega= (1.3320430361746474,0.30538949237144647)  omega/(vt/a)= 0.67232583855720496,  0.15414009980851079
 omavg= (1.3313977191283339,0.30528594228257644)  omavg/(vt/a)= 0.67200012586435987,  0.15408783468010162
 aky= 0.8569  theta0= 0.E+0
aky= 0.86 th0=0.00 om=   1.284   0.212 omav=   1.283   0.212 phtot=0.52E-09
 phi(0)= (-4.8266041701403061E-5,-1.07024093268140228E-5)
 omega= (1.2835613629478206,0.21215521093873368)  omega/(vt/a)= 0.77773524535031879,  0.12854904315041485
 omavg= (1.2834138100624881,0.21165481598363567)  omavg/(vt/a)= 0.77764584013543081,  0.12824584393890115
 aky= 1.  theta0= 0.E+0
aky= 1.00 th0=0.00 om=   1.243   0.128 omav=   1.241   0.131 phtot=0.39E-10
 phi(0)= (-8.65722252211237168E-6,-1.05290600210157847E-5)
 omega= (1.2430690319234357,0.12849225869869196)  omega/(vt/a)= 0.87898254195605818,  9.08577474558212306E-2
 omavg= (1.2406217026472823,0.13141128570978647)  omavg/(vt/a)= 0.87725201882909387,  9.29218112498328558E-2
 time= 20.
t=0.2000E+02 <phi**2>=0.1689E-05 heat fluxes: -.2293E-02 -.1499E-02
 aky= 0.1414  theta0= 0.E+0
aky= 0.14 th0=0.00 om=   1.663   0.291 omav=   1.663   0.291 phtot=0.42E-03
 phi(0)= (-3.41002538099183239E-3,-1.55247912924667353E-3)
 omega= (1.6628921017876901,0.29131001275995083)  omega/(vt/a)= 0.16626409861196553,  2.91266021626442675E-2
 omavg= (1.6629402619572393,0.29148726043169393)  omavg/(vt/a)= 0.166268913901647,  2.91443242531766317E-2
 aky= 0.28449999999999998  theta0= 0.E+0
aky= 0.28 th0=0.00 om=   1.663   0.479 omav=   1.663   0.479 phtot=0.13E-02
 phi(0)= (-3.33134696838037758E-2,-3.96941638800029639E-2)
 omega= (1.663046821336303,0.4793080928014497)  omega/(vt/a)= 0.33455825432492642,  9.6423309767437626E-2
 omavg= (1.6630468028000778,0.47931589610602882)  omavg/(vt/a)= 0.33455825059595917,  9.64248795728841479E-2
 aky= 0.42759999999999998  theta0= 0.E+0
aky= 0.43 th0=0.00 om=   1.507   0.459 omav=   1.507   0.458 phtot=0.11E-04
 phi(0)= (5.66126250630882063E-3,1.52958996328929212E-4)
 omega= (1.506908213851704,0.45854192839679941)  omega/(vt/a)= 0.45562704911537,  0.13864421456505868
 omavg= (1.5069579431070841,0.45837713921780288)  omavg/(vt/a)= 0.45564208519631721,  0.13859438909681704
 aky= 0.57069999999999999  theta0= 0.E+0
aky= 0.57 th0=0.00 om=   1.395   0.395 omav=   1.395   0.395 phtot=0.43E-05
 phi(0)= (1.98252883887460249E-3,3.45881643526915706E-3)
 omega= (1.3952881749283508,0.39510356905259347)  omega/(vt/a)= 0.56306273862584677,  0.15944240166947848
 omavg= (1.3953017329182045,0.39515376559624327)  omavg/(vt/a)= 0.56306820989625128,  0.15946265827585188
 aky= 0.71379999999999999  theta0= 0.E+0
aky= 0.71 th0=0.00 om=   1.332   0.306 omav=   1.332   0.306 phtot=0.18E-06
 phi(0)= (-5.74447292741915301E-4,6.89172597275491158E-4)
 omega= (1.3319509153555298,0.30599303349754242)  omega/(vt/a)= 0.67227934215635321,  0.15444472682331919
 omavg= (1.3318926645260771,0.30587474847025481)  omavg/(vt/a)= 0.67224994105091229,  0.15438502448788394
 aky= 0.8569  theta0= 0.E+0
aky= 0.86 th0=0.00 om=   1.284   0.213 omav=   1.284   0.212 phtot=0.43E-08
 phi(0)= (-1.42516390998385906E-4,-1.151900252661905E-5)
 omega= (1.2838755705219196,0.21260400250247363)  omega/(vt/a)= 0.77792562994102621,  0.12882097484531629
 omavg= (1.2841035596219215,0.21237850094245955)  omavg/(vt/a)= 0.77806377305108365,  0.12868433898499276
 aky= 1.  theta0= 0.E+0
aky= 1.00 th0=0.00 om=   1.241   0.130 omav=   1.242   0.134 phtot=0.14E-09
 phi(0)= (-1.53431908438231685E-5,-2.14862300547526432E-5)
 omega= (1.2412441323072845,0.12958748693089422)  omega/(vt/a)= 0.87769214306249299,  9.16321907657584034E-2
 omavg= (1.2423980945372262,0.13354457060793634)  omavg/(vt/a)= 0.87850811758051783,  9.44302714675174792E-2
 time= 25.
t=0.2500E+02 <phi**2>=0.3113E-04 heat fluxes: -.2742E+00 -.1796E+00
 aky= 0.1414  theta0= 0.E+0
aky= 0.14 th0=0.00 om=   1.663   0.291 omav=   1.663   0.291 phtot=0.51E-01
 phi(0)= (5.447556134262929E-4,1.60749444262047007E-2)
 omega= (1.6629985705793229,0.29135281415449005)  omega/(vt/a)= 0.16627474388332866,  2.9130881655748328E-2
 omavg= (1.6629683669846573,0.29138761573479449)  omavg/(vt/a)= 0.16627172397997084,  2.91343612882352283E-2
 aky= 0.28449999999999998  theta0= 0.E+0
aky= 0.28 th0=0.00 om=   1.663   0.479 omav=   1.663   0.479 phtot=0.16E+00
 phi(0)= (-0.22759785718639114,0.52179511155827785)
 omega= (1.6630495530084421,0.47931152695843227)  omega/(vt/a)= 0.33455880386054415,  9.64240006232514463E-2
 omavg= (1.6630477673429618,0.47931314110570278)  omavg/(vt/a)= 0.33455844463486373,  9.64243253442912257E-2
 aky= 0.42759999999999998  theta0= 0.E+0
aky= 0.43 th0=0.00 om=   1.507   0.459 omav=   1.507   0.459 phtot=0.11E-02
 phi(0)= (1.90792497290611027E-2,-5.27361165668312482E-2)
 omega= (1.5067888894978512,0.45853726907559722)  omega/(vt/a)= 0.45559097033981233,  0.13864280577801333
 omavg= (1.5067866379028414,0.45852247736911311)  omavg/(vt/a)= 0.45559028955011283,  0.13863833337450873
 aky= 0.57069999999999999  theta0= 0.E+0
aky= 0.57 th0=0.00 om=   1.395   0.395 omav=   1.395   0.395 phtot=0.22E-03
 phi(0)= (2.6937026789091538E-2,1.00450886849330345E-2)
 omega= (1.3953285975914043,0.39512978442522384)  omega/(vt/a)= 0.56307905102336464,  0.15945298077404813
 omavg= (1.3953284628558476,0.39512049744062971)  omavg/(vt/a)= 0.56307899665139127,  0.15944923305004879
 aky= 0.71379999999999999  theta0= 0.E+0
aky= 0.71 th0=0.00 om=   1.332   0.306 omav=   1.332   0.306 phtot=0.39E-05
 phi(0)= (-1.2997684221511055E-3,3.93390024813048897E-3)
 omega= (1.331774414528434,0.30591917087013981)  omega/(vt/a)= 0.67219025639608831,  0.15440744593106731
 omavg= (1.3317673686569209,0.30594547523014837)  omavg/(vt/a)= 0.67218670011348713,  0.15442072260488354
 aky= 0.8569  theta0= 0.E+0
aky= 0.86 th0=0.00 om=   1.284   0.212 omav=   1.284   0.212 phtot=0.36E-07
 phi(0)= (-4.1297913789702269E-4,2.35279439412183148E-5)
 omega= (1.2842411381144188,0.21235839091687753)  omega/(vt/a)= 0.77814713458385187,  0.12867215392229805
 omavg= (1.2839244505367207,0.21244360101098764)  omavg/(vt/a)= 0.77795524730985754,  0.1287237844055473
 aky= 1.  theta0= 0.E+0
aky= 1.00 th0=0.00 om=   1.242   0.133 omav=   1.244   0.133 phtot=0.54E-09
 phi(0)= (-2.68315683078644431E-5,-4.34802875677154122E-5)
 omega= (1.2418539591174276,0.13349772036146601)  omega/(vt/a)= 0.87812335573529454,  9.4397143340538045E-2
 omavg= (1.2436969352305935,0.13263194921954388)  omavg/(vt/a)= 0.87942653664247905,  9.37849506951292933E-2
*** omega converged
 time= 26.700000000000003
t=0.2670E+02 <phi**2>=0.8384E-04 heat fluxes: -.1397E+01 -.9149E+00
 aky= 0.1414  theta0= 0.E+0
aky= 0.14 th0=0.00 om=   1.663   0.291 omav=   1.663   0.291 phtot=0.26E+00
 phi(0)= (7.30940334784899171E-3,-2.53625049426074098E-2)
 omega= (1.6630387281904981,0.29138108743653585)  omega/(vt/a)= 0.16627875903802047,  2.91337085569941118E-2
 omavg= (1.6630199444334919,0.29136132072315057)  omavg/(vt/a)= 0.16627688094597601,  2.91317321841554934E-2
 aky= 0.28449999999999998  theta0= 0.E+0
aky= 0.28 th0=0.00 om=   1.663   0.479 omav=   1.663   0.479 phtot=0.80E+00
 phi(0)= (0.85338968924602265,-0.96186627965694582)
 omega= (1.6630501950271839,0.47931378425837345)  omega/(vt/a)= 0.33455893301666095,  9.64244547285226378E-2
 omavg= (1.6630502556336142,0.47931256865300909)  omavg/(vt/a)= 0.33455894520897039,  9.64242101829070608E-2
 aky= 0.42759999999999998  theta0= 0.E+0
aky= 0.43 th0=0.00 om=   1.507   0.459 omav=   1.507   0.459 phtot=0.53E-02
 phi(0)= (-9.78200706191451053E-2,7.33782819096734373E-2)
 omega= (1.5067740925543762,0.45854556692216941)  omega/(vt/a)= 0.45558649635285714,  0.13864531470544031
 omavg= (1.5067821720728802,0.4585428535948598)  omavg/(vt/a)= 0.45558893926685845,  0.13864449430688916
 aky= 0.57069999999999999  theta0= 0.E+0
aky= 0.57 th0=0.00 om=   1.395   0.395 omav=   1.395   0.395 phtot=0.85E-03
 phi(0)= (-2.41920164427903775E-2,-5.08152361237608485E-2)
 omega= (1.3953247752028763,0.39513692388173705)  omega/(vt/a)= 0.56307750851437532,  0.15945586187202404
 omavg= (1.3953270826374555,0.3951336562110398)  omavg/(vt/a)= 0.56307843967000082,  0.15945454321710761
 aky= 0.71379999999999999  theta0= 0.E+0
aky= 0.71 th0=0.00 om=   1.332   0.306 omav=   1.332   0.306 phtot=0.11E-04
 phi(0)= (6.48714566281092392E-3,-2.54719175316289823E-3)
 omega= (1.3318024641802939,0.30594318269277587)  omega/(vt/a)= 0.67220441397598307,  0.15441956548602961
 omavg= (1.3317930891331475,0.30592744156012552)  omavg/(vt/a)= 0.67219968208199532,  0.15441162041975057
 aky= 0.8569  theta0= 0.E+0
aky= 0.86 th0=0.00 om=   1.284   0.212 omav=   1.284   0.212 phtot=0.74E-07
 phi(0)= (3.68268825494544728E-4,4.65630116230058427E-4)
 omega= (1.2840253945837583,0.21249838336256294)  omega/(vt/a)= 0.77801641130673038,  0.12875697811710107
 omavg= (1.284158383241877,0.21249228341636095)  omavg/(vt/a)= 0.77809699176796621,  0.12875328203891348
 aky= 1.  theta0= 0.E+0
aky= 1.00 th0=0.00 om=   1.243   0.131 omav=   1.242   0.132 phtot=0.85E-09
 phi(0)= (-2.93947835117974851E-5,5.67830518395012195E-5)
 omega= (1.2426779714955629,0.13125099796959014)  omega/(vt/a)= 0.87870602047565571,  9.28084707017989563E-2
 omavg= (1.2418257344403623,0.13219022326073859)  omavg/(vt/a)= 0.87810339787474478,  9.3472603274231944E-2
