gs2
Date: 19981217 Time: 084254.266 -0800
 time= 5.
t=0.5000E+01 <phi**2>=0.4424E-10 heat fluxes: -.2767E-09 -.1816E-09
 aky= 0.1414  theta0= 0.E+0
aky= 0.14 th0=0.00 om=   1.355   0.150 omav=   1.330   0.164 phtot=0.33E-10
 phi(0)= (6.87993391064245369E-6,-1.39094461019950202E-5)
 omega= (1.3546101375288782,0.15049514503647474)  omega/(vt/a)= 0.13544055759525458,  1.50472418553595187E-2
 omavg= (1.3298670799228078,0.16446850127963372)  omavg/(vt/a)= 0.13296662548302998,  1.64443664660634155E-2
 aky= 0.28449999999999998  theta0= 0.E+0
aky= 0.28 th0=0.00 om=   1.390   0.274 omav=   1.417   0.264 phtot=0.10E-09
 phi(0)= (8.30012319943652471E-6,-1.02496298401214738E-5)
 omega= (1.3900017988820443,0.27357103493823282)  omega/(vt/a)= 0.27962927403860749,  5.50347992062276761E-2
 omavg= (1.4173896388661062,0.26393298980932067)  omavg/(vt/a)= 0.28513893727673306,  5.30958955553715028E-2
 aky= 0.42759999999999998  theta0= 0.E+0
aky= 0.43 th0=0.00 om=   1.355   0.256 omav=   1.431   0.245 phtot=0.10E-10
 phi(0)= (4.52041783950056934E-6,-3.12704548505155595E-6)
 omega= (1.355103507818447,0.25635476448293992)  omega/(vt/a)= 0.40972755131187222,  7.75111342511549672E-2
 omavg= (1.4308107754081514,0.24537437651349622)  omavg/(vt/a)= 0.43261831440640486,  7.41911166663600657E-2
 aky= 0.57069999999999999  theta0= 0.E+0
aky= 0.57 th0=0.00 om=   1.296   0.383 omav=   1.393   0.523 phtot=0.53E-11
 phi(0)= (-1.16201425076066129E-7,-2.88540914733277021E-6)
 omega= (1.2957528213306058,0.38333619652508799)  omega/(vt/a)= 0.52289566074624227,  0.15469372743800078
 omavg= (1.3926675763758931,0.52314735022374859)  omavg/(vt/a)= 0.56200520698163181,  0.21111393690193428
 aky= 0.71379999999999999  theta0= 0.E+0
aky= 0.71 th0=0.00 om=   1.137   0.285 omav=   1.113   0.257 phtot=0.65E-11
 phi(0)= (-8.87383741595885945E-7,-2.72533360521928774E-6)
 omega= (1.1373950579536432,0.28491020047529192)  omega/(vt/a)= 0.57408061552242684,  0.14380352904974544
 omavg= (1.1129087559888478,0.25704900116564122)  omavg/(vt/a)= 0.56172157527030131,  0.12974106734215363
 aky= 0.8569  theta0= 0.E+0
aky= 0.86 th0=0.00 om=   1.043   0.098 omav=   1.193   0.078 phtot=0.44E-11
 phi(0)= (-5.2727612442338287E-7,-2.17409109818020432E-6)
 omega= (1.0430600817293902,9.7869251337557292E-2)  omega/(vt/a)= 0.63201075694260267,  5.93009172747757593E-2
 omavg= (1.1927643348535777,7.8458102763962867E-2)  omavg/(vt/a)= 0.72271952817433638,  4.75393179977884328E-2
 aky= 1.  theta0= 0.E+0
aky= 1.00 th0=0.00 om=   1.217   0.099 omav=   1.322  -0.024 phtot=0.25E-11
 phi(0)= (-9.28005085655874837E-8,-1.58763571291905341E-6)
 omega= (1.2174075651908389,9.86563787260610198E-2)  omega/(vt/a)= 0.860837144814246,  6.97605944045059795E-2
 omavg= (1.3217442235642025,-2.40682022577486283E-2)  omavg/(vt/a)= 0.93461430347639562,  -1.70187890274234276E-2
 time= 10.
t=0.1000E+02 <phi**2>=0.1833E-09 heat fluxes: -.2898E-08 -.1969E-08
 aky= 0.1414  theta0= 0.E+0
aky= 0.14 th0=0.00 om=   1.332   0.128 omav=   1.335   0.136 phtot=0.44E-09
 phi(0)= (1.80322939854500309E-6,-3.06983082924439042E-5)
 omega= (1.3321617277728524,0.12789058225827982)  omega/(vt/a)= 0.13319605561623549,  1.27871269322122009E-2
 omavg= (1.3352198473610968,0.13615507831791496)  omavg/(vt/a)= 0.13350182139396721,  1.3613451734861854E-2
 aky= 0.28449999999999998  theta0= 0.E+0
aky= 0.28 th0=0.00 om=   1.381   0.258 omav=   1.387   0.254 phtot=0.14E-08
 phi(0)= (1.7422524995945773E-6,-4.83801095611197058E-5)
 omega= (1.3808613616720924,0.25847728698669858)  omega/(vt/a)= 0.27779047510793703,  5.19983615659283319E-2
 omavg= (1.3868891441977862,0.25376263911901331)  omavg/(vt/a)= 0.27900309544632657,  5.10499069943955233E-2
 aky= 0.42759999999999998  theta0= 0.E+0
aky= 0.43 th0=0.00 om=   1.307   0.217 omav=   1.326   0.215 phtot=0.12E-09
 phi(0)= (8.95009746420232333E-6,-1.47502793898722022E-5)
 omega= (1.3066377921658372,0.2171897933544972)  omega/(vt/a)= 0.3950735127957371,  6.56692582431069316E-2
 omavg= (1.3264605612277307,0.21523406480459492)  omavg/(vt/a)= 0.40106710264410644,  6.50779263890021442E-2
 aky= 0.57069999999999999  theta0= 0.E+0
aky= 0.57 th0=0.00 om=   1.271   0.229 omav=   1.279   0.232 phtot=0.47E-10
 phi(0)= (-1.11906248211103741E-6,-1.09126409913045749E-5)
 omega= (1.2710171048554244,0.22903535466948555)  omega/(vt/a)= 0.51291366526269044,  9.24262645951005324E-2
 omavg= (1.2788638795687375,0.23215170808984745)  omavg/(vt/a)= 0.51608019855584686,  9.36838560539295234E-2
 aky= 0.71379999999999999  theta0= 0.E+0
aky= 0.71 th0=0.00 om=   1.185   0.189 omav=   1.192   0.203 phtot=0.39E-10
 phi(0)= (5.73239421034236047E-7,-8.78289050597742094E-6)
 omega= (1.1850364165908769,0.18895502722674987)  omega/(vt/a)= 0.59812677283560778,  9.53718038229867393E-2
 omavg= (1.1917032116978259,0.20295318205880178)  omavg/(vt/a)= 0.60149172313304011,  0.10243713199191758
 aky= 0.8569  theta0= 0.E+0
aky= 0.86 th0=0.00 om=   1.149   0.145 omav=   1.143   0.137 phtot=0.14E-10
 phi(0)= (2.03466389764404487E-6,-4.44177030297568161E-6)
 omega= (1.1490893350840252,0.1452665578804464)  omega/(vt/a)= 0.69625598101408359,  8.8019883813640537E-2
 omavg= (1.143001133489723,0.1365871839156573)  omavg/(vt/a)= 0.69256701911684126,  8.27608792698376478E-2
 aky= 1.  theta0= 0.E+0
aky= 1.00 th0=0.00 om=   1.104   0.061 omav=   1.087   0.083 phtot=0.42E-11
 phi(0)= (1.95566061276595032E-6,-1.63425665159486547E-6)
 omega= (1.1042490618877474,6.13990889352623512E-2)  omega/(vt/a)= 0.78082199977970967,  4.34157121447999242E-2
 omavg= (1.0870749179793746,8.27063839212852092E-2)  omavg/(vt/a)= 0.76867804616102564,  5.84822449181588086E-2
 time= 15.
t=0.1500E+02 <phi**2>=0.6524E-09 heat fluxes: -.3333E-07 -.2287E-07
 aky= 0.1414  theta0= 0.E+0
aky= 0.14 th0=0.00 om=   1.340   0.126 omav=   1.339   0.127 phtot=0.58E-08
 phi(0)= (-1.98563652210940809E-5,-5.44186464741266382E-5)
 omega= (1.3396961669617959,0.12600718753939361)  omega/(vt/a)= 0.13394938575650717,  1.25988159017313243E-2
 omavg= (1.3387774685868465,0.12712697246424062)  omavg/(vt/a)= 0.1338575297924052,  1.27107774841868568E-2
 aky= 0.28449999999999998  theta0= 0.E+0
aky= 0.28 th0=0.00 om=   1.375   0.257 omav=   1.375   0.256 phtot=0.18E-07
 phi(0)= (-9.28686159525611246E-5,-1.47762362995647198E-4)
 omega= (1.3753265369600269,0.25705324657456941)  omega/(vt/a)= 0.27667702401930494,  5.17118846800958196E-2
 omavg= (1.3753064450792027,0.25606170388463434)  omavg/(vt/a)= 0.27667298209788188,  5.15124141738073846E-2
 aky= 0.42759999999999998  theta0= 0.E+0
aky= 0.43 th0=0.00 om=   1.251   0.250 omav=   1.251   0.239 phtot=0.16E-08
 phi(0)= (2.48280886743121017E-5,-4.94675568919948115E-5)
 omega= (1.2505202066207057,0.2502608117634586)  omega/(vt/a)= 0.37810586362482096,  7.56685736562207473E-2
 omavg= (1.2505642810740638,0.23855497784986324)  omavg/(vt/a)= 0.37811918992627735,  7.21292110630250421E-2
 aky= 0.57069999999999999  theta0= 0.E+0
aky= 0.57 th0=0.00 om=   1.192   0.221 omav=   1.203   0.220 phtot=0.58E-09
 phi(0)= (1.50938506560062411E-6,-3.40486627230723258E-5)
 omega= (1.1922734933142798,0.22100806904170811)  omega/(vt/a)= 0.48113700839686163,  8.91868868733332182E-2
 omavg= (1.2029538443151964,0.22021988789044242)  omavg/(vt/a)= 0.48544701961326869,  8.88688196485552806E-2
 aky= 0.71379999999999999  theta0= 0.E+0
aky= 0.71 th0=0.00 om=   1.153   0.187 omav=   1.159   0.190 phtot=0.29E-09
 phi(0)= (1.05478207523951103E-5,-2.01099621597856995E-5)
 omega= (1.1528936972271049,0.18715467357348115)  omega/(vt/a)= 0.58190328743545328,  9.44631062458352461E-2
 omavg= (1.1585300188956014,0.1901586991383141)  omavg/(vt/a)= 0.58474812396793685,  9.59793365417599964E-2
 aky= 0.8569  theta0= 0.E+0
aky= 0.86 th0=0.00 om=   1.124   0.142 omav=   1.133   0.137 phtot=0.59E-10
 phi(0)= (8.21837270151978762E-6,-4.9807995887138942E-6)
 omega= (1.1241253411432059,0.14175407053144212)  omega/(vt/a)= 0.68112980277832103,  8.58915981788237193E-2
 omavg= (1.1328733444456371,0.13663239494700782)  omavg/(vt/a)= 0.686430391196717,  8.27882735289474647E-2
 aky= 1.  theta0= 0.E+0
aky= 1.00 th0=0.00 om=   1.098   0.083 omav=   1.114   0.082 phtot=0.96E-11
 phi(0)= (3.73128338260559365E-6,4.11151102500504092E-8)
 omega= (1.0978215810430687,8.29220801550639014E-2)  omega/(vt/a)= 0.77627708448849075,  5.86347651877401205E-2
 omavg= (1.1136894417642915,8.16867204145243081E-2)  omavg/(vt/a)= 0.78749735640739105,  5.77612339379997217E-2
 time= 20.
t=0.2000E+02 <phi**2>=0.2279E-08 heat fluxes: -.4248E-06 -.2893E-06
 aky= 0.1414  theta0= 0.E+0
aky= 0.14 th0=0.00 om=   1.340   0.128 omav=   1.343   0.126 phtot=0.77E-07
 phi(0)= (-7.52832637231699609E-5,-7.79999977417273959E-5)
 omega= (1.3396060291646428,0.12793428304512075)  omega/(vt/a)= 0.13394037333797537,  1.27914963509645849E-2
 omavg= (1.3428200680767162,0.12552897184533471)  omavg/(vt/a)= 0.13426172869353042,  1.25510015539276876E-2
 aky= 0.28449999999999998  theta0= 0.E+0
aky= 0.28 th0=0.00 om=   1.375   0.259 omav=   1.375   0.259 phtot=0.24E-06
 phi(0)= (-5.80869420034539835E-4,-2.57127025220887343E-4)
 omega= (1.3750970438660008,0.25853753303930871)  omega/(vt/a)= 0.27663085646230534,  5.20104813775491559E-2
 omavg= (1.3748269148616699,0.25872714168804267)  omavg/(vt/a)= 0.27657651410286482,  5.20486253057365622E-2
 aky= 0.42759999999999998  theta0= 0.E+0
aky= 0.43 th0=0.00 om=   1.271   0.280 omav=   1.266   0.279 phtot=0.22E-07
 phi(0)= (9.10450766443494025E-5,-1.89991883150874186E-4)
 omega= (1.2708614094774315,0.2798999432099864)  omega/(vt/a)= 0.38425620652419223,  8.46302276409756637E-2
 omavg= (1.2664524670915944,0.27853074594839827)  omavg/(vt/a)= 0.38292312373221249,  8.42162387183460065E-2
 aky= 0.57069999999999999  theta0= 0.E+0
aky= 0.57 th0=0.00 om=   1.193   0.251 omav=   1.190   0.245 phtot=0.66E-08
 phi(0)= (4.03759412018424554E-5,-1.02872493320981261E-4)
 omega= (1.192521140583404,0.25053686311105144)  omega/(vt/a)= 0.48123694542210976,  0.10110310888091736
 omavg= (1.1900813968974004,0.24483854488143739)  omavg/(vt/a)= 0.48025239700690026,  9.88035762642284487E-2
 aky= 0.71379999999999999  theta0= 0.E+0
aky= 0.71 th0=0.00 om=   1.151   0.197 omav=   1.148   0.196 phtot=0.21E-08
 phi(0)= (5.09065423424155349E-5,-3.13863838528470848E-5)
 omega= (1.1506484004931239,0.19672355047847129)  omega/(vt/a)= 0.58077001248225146,  9.92928324742562013E-2
 omavg= (1.1480304067256626,0.19558019756366837)  omavg/(vt/a)= 0.57944862510418238,  9.8715744732842628E-2
 aky= 0.8569  theta0= 0.E+0
aky= 0.86 th0=0.00 om=   1.112   0.136 omav=   1.112   0.141 phtot=0.24E-09
 phi(0)= (1.89894131204105111E-5,3.02663690948173888E-6)
 omega= (1.1123406745783093,0.13646254977023703)  omega/(vt/a)= 0.67398923996083915,  8.26853609732718653E-2
 omavg= (1.1120091431998926,0.14106240051227278)  omavg/(vt/a)= 0.67378835853407038,  8.54725016185901715E-2
 aky= 1.  theta0= 0.E+0
aky= 1.00 th0=0.00 om=   1.088   0.087 omav=   1.092   0.085 phtot=0.23E-10
 phi(0)= (3.87939560515461116E-6,4.09986162072986418E-6)
 omega= (1.0878195305162841,8.68469155628713435E-2)  omega/(vt/a)= 0.76920456673523085,  6.14100429196418329E-2
 omavg= (1.0923141079470344,8.4575261240346547E-2)  omavg/(vt/a)= 0.77238271291508243,  5.98037407436728119E-2
 time= 25.
t=0.2500E+02 <phi**2>=0.7960E-08 heat fluxes: -.5675E-05 -.3844E-05
 aky= 0.1414  theta0= 0.E+0
aky= 0.14 th0=0.00 om=   1.340   0.125 omav=   1.340   0.125 phtot=0.10E-05
 phi(0)= (-1.87649689477139273E-4,-7.63262501868582511E-5)
 omega= (1.3402317084044035,0.12518153589876307)  omega/(vt/a)= 0.1340029318134815,  1.25162632059494707E-2
 omavg= (1.3399267831671835,0.12530171928168457)  omavg/(vt/a)= 0.13397244389447827,  1.25282797293355033E-2
 aky= 0.28449999999999998  theta0= 0.E+0
aky= 0.28 th0=0.00 om=   1.376   0.259 omav=   1.375   0.259 phtot=0.32E-05
 phi(0)= (-2.28145121844561694E-3,4.09828889483727389E-4)
 omega= (1.3755030014096403,0.25888272299063925)  omega/(vt/a)= 0.27671252370425403,  5.20799238887557012E-2
 omavg= (1.3754492861903254,0.25903896400700921)  omavg/(vt/a)= 0.27670171771264024,  5.21113551876343992E-2
 aky= 0.42759999999999998  theta0= 0.E+0
aky= 0.43 th0=0.00 om=   1.284   0.270 omav=   1.283   0.273 phtot=0.32E-06
 phi(0)= (2.76506237011307863E-4,-7.84800937575364671E-4)
 omega= (1.2839996667638927,0.27039102272234894)  omega/(vt/a)= 0.3882286750149227,  8.17551212859702198E-2
 omavg= (1.28317055021681,0.27254976832172112)  omavg/(vt/a)= 0.38797798428124197,  8.24078371436392509E-2
 aky= 0.57069999999999999  theta0= 0.E+0
aky= 0.57 th0=0.00 om=   1.205   0.251 omav=   1.203   0.252 phtot=0.78E-07
 phi(0)= (2.38788029907081428E-4,-3.0622340184043972E-4)
 omega= (1.2048361190902914,0.25064986581800014)  omega/(vt/a)= 0.48620660376853886,  0.10114871065321786
 omavg= (1.2031317177632854,0.25168099290808393)  omavg/(vt/a)= 0.48551879970329564,  0.10156481770095636
 aky= 0.71379999999999999  theta0= 0.E+0
aky= 0.71 th0=0.00 om=   1.154   0.200 omav=   1.154   0.200 phtot=0.15E-07
 phi(0)= (1.62193873163125391E-4,-5.46077561483745738E-6)
 omega= (1.1544736250090535,0.20008244468867181)  omega/(vt/a)= 0.58270072884088175,  0.10098817662243274
 omavg= (1.154195746598099,0.20000688288321491)  omavg/(vt/a)= 0.58256047448678938,  0.10095003809924914
 aky= 0.8569  theta0= 0.E+0
aky= 0.86 th0=0.00 om=   1.118   0.141 omav=   1.117   0.142 phtot=0.99E-09
 phi(0)= (2.54880208864288209E-5,2.93183463761238479E-5)
 omega= (1.1175040391854572,0.14059104990453108)  omega/(vt/a)= 0.67711782481505356,  8.51869009522409487E-2
 omavg= (1.1166816618277966,0.14216105649594368)  omavg/(vt/a)= 0.67661953009031839,  8.61381990333623948E-2
 aky= 1.  theta0= 0.E+0
aky= 1.00 th0=0.00 om=   1.089   0.095 omav=   1.096   0.089 phtot=0.52E-10
 phi(0)= (-5.62281888637626335E-7,8.58003738526913159E-6)
 omega= (1.089061826402645,9.47499204649279586E-2)  omega/(vt/a)= 0.77008300258071682,  6.69983112776365852E-2
 omavg= (1.0961756352408014,8.9214289888241774E-2)  omavg/(vt/a)= 0.77511322505024205,  6.30840293587181938E-2
 time= 30.
t=0.3000E+02 <phi**2>=0.2786E-07 heat fluxes: -.7590E-04 -.5141E-04
 aky= 0.1414  theta0= 0.E+0
aky= 0.14 th0=0.00 om=   1.340   0.126 omav=   1.341   0.126 phtot=0.14E-04
 phi(0)= (-3.78715173831089885E-4,1.26212387638572368E-5)
 omega= (1.3401761439455004,0.12614035974713303)  omega/(vt/a)= 0.1339973762066779,  1.26121311114530833E-2
 omavg= (1.3410452445430578,0.12566748068555236)  omavg/(vt/a)= 0.13408427314202365,  1.25648503463080333E-2
 aky= 0.28449999999999998  theta0= 0.E+0
aky= 0.28 th0=0.00 om=   1.376   0.259 omav=   1.376   0.259 phtot=0.43E-04
 phi(0)= (-6.05592543685155513E-3,5.90393875663603861E-3)
 omega= (1.3756162752537779,0.25888623610447575)  omega/(vt/a)= 0.27673531121634881,  5.20806306284682038E-2
 omavg= (1.3756502977763871,0.25890506844055072)  omavg/(vt/a)= 0.27674215559115883,  5.20844191649070254E-2
 aky= 0.42759999999999998  theta0= 0.E+0
aky= 0.43 th0=0.00 om=   1.281   0.264 omav=   1.282   0.265 phtot=0.46E-05
 phi(0)= (6.56464213259583653E-4,-3.09461434680857218E-3)
 omega= (1.2810869717590028,0.26417739443866184)  omega/(vt/a)= 0.38734799587477858,  7.98763757239165234E-2
 omavg= (1.2819108147731271,0.2647828544049779)  omavg/(vt/a)= 0.38759709210904775,  8.0059441908886711E-2
 aky= 0.57069999999999999  theta0= 0.E+0
aky= 0.57 th0=0.00 om=   1.205   0.246 omav=   1.205   0.246 phtot=0.91E-06
 phi(0)= (1.06755921043460707E-3,-8.12280384457126367E-4)
 omega= (1.2046682713427412,0.24562710829940523)  omega/(vt/a)= 0.48613886950825774,  9.91217977511438253E-2
 omavg= (1.2051191967960622,0.24621258500160734)  omavg/(vt/a)= 0.48632083859910596,  9.93580644387479645E-2
 aky= 0.71379999999999999  theta0= 0.E+0
aky= 0.71 th0=0.00 om=   1.155   0.198 omav=   1.155   0.199 phtot=0.11E-06
 phi(0)= (3.90340133950643471E-4,2.00640902552101934E-4)
 omega= (1.1547932627445232,0.19841058330521255)  omega/(vt/a)= 0.58286206049661515,  0.10014433331102318
 omavg= (1.1550689359662589,0.19865472106191551)  omavg/(vt/a)= 0.58300120181933357,  0.10026755764953267
 aky= 0.8569  theta0= 0.E+0
aky= 0.86 th0=0.00 om=   1.120   0.141 omav=   1.119   0.140 phtot=0.41E-08
 phi(0)= (2.08296512303792337E-6,7.85365472757617314E-5)
 omega= (1.1195163828503403,0.14055138910049203)  omega/(vt/a)= 0.6783371436876181,  8.51628696857580914E-2
 omavg= (1.1190149017353654,0.1404846760663099)  omavg/(vt/a)= 0.67803328635032822,  8.51224469373757786E-2
 aky= 1.  theta0= 0.E+0
aky= 1.00 th0=0.00 om=   1.091   0.086 omav=   1.094   0.085 phtot=0.12E-09
 phi(0)= (-1.02673659825329724E-5,8.13777191964737175E-6)
 omega= (1.0914222365968058,8.61604416967622216E-2)  omega/(vt/a)= 0.77175206463538981,  6.09246325938087238E-2
 omavg= (1.093726604623076,8.47056445101243699E-2)  omavg/(vt/a)= 0.77338149889311492,  5.98959356378859914E-2
 time= 35.
t=0.3500E+02 <phi**2>=0.9750E-07 heat fluxes: -.1014E-02 -.6867E-03
 aky= 0.1414  theta0= 0.E+0
aky= 0.14 th0=0.00 om=   1.340   0.125 omav=   1.341   0.125 phtot=0.18E-03
 phi(0)= (-6.37526705974707643E-4,3.09328985428901988E-4)
 omega= (1.340430877699281,0.12538005771556501)  omega/(vt/a)= 0.13402284573528581,  1.25361123897238715E-2
 omavg= (1.3405988940092834,0.12529203134029385)  omavg/(vt/a)= 0.1340396448290482,  1.25273110814953913E-2
 aky= 0.28449999999999998  theta0= 0.E+0
aky= 0.28 th0=0.00 om=   1.376   0.259 omav=   1.376   0.259 phtot=0.57E-03
 phi(0)= (-6.22517039069194096E-3,3.02210945136966204E-2)
 omega= (1.3756296788416256,0.25885449195550242)  omega/(vt/a)= 0.27673800764130474,  5.20742445983641208E-2
 omavg= (1.3756371902461015,0.25885217511810166)  omavg/(vt/a)= 0.27673951872465896,  5.20737785158302963E-2
 aky= 0.42759999999999998  theta0= 0.E+0
aky= 0.43 th0=0.00 om=   1.278   0.265 omav=   1.278   0.265 phtot=0.66E-04
 phi(0)= (1.12863541809464962E-3,-1.18210717809333204E-2)
 omega= (1.2779621448455805,0.26499944691578697)  omega/(vt/a)= 0.38640317677267827,  8.01249305734604983E-2
 omavg= (1.2782882489547494,0.26463380602655584)  omavg/(vt/a)= 0.386501777239249,  8.00143758111565156E-2
 aky= 0.57069999999999999  theta0= 0.E+0
aky= 0.57 th0=0.00 om=   1.203   0.246 omav=   1.203   0.245 phtot=0.11E-04
 phi(0)= (4.241086781040934E-3,-1.71669925642476437E-3)
 omega= (1.2025689807166275,0.24554285259448727)  omega/(vt/a)= 0.4852917095090899,  9.90877967119259684E-2
 omavg= (1.2028174570877195,0.24532406124404449)  omavg/(vt/a)= 0.4853919811149881,  9.89995043726217272E-2
 aky= 0.71379999999999999  theta0= 0.E+0
aky= 0.71 th0=0.00 om=   1.154   0.198 omav=   1.154   0.198 phtot=0.82E-06
 phi(0)= (6.53361473855176974E-4,9.85228064739824497E-4)
 omega= (1.1543101451692599,0.19816539589957516)  omega/(vt/a)= 0.58261821520026247,  0.10002057918024658
 omavg= (1.1543932549514118,0.19815597576786448)  omavg/(vt/a)= 0.5826601634350117,  0.10001582453059961
 aky= 0.8569  theta0= 0.E+0
aky= 0.86 th0=0.00 om=   1.119   0.140 omav=   1.119   0.140 phtot=0.17E-07
 phi(0)= (-9.76678846094897435E-5,1.25248743753619271E-4)
 omega= (1.1189759575500799,0.14047812729900583)  omega/(vt/a)= 0.67800968929733785,  8.51184789095954103E-2
 omavg= (1.1186878087206733,0.14041660351051427)  omavg/(vt/a)= 0.67783509421602328,  8.50812004279282164E-2
 aky= 1.  theta0= 0.E+0
aky= 1.00 th0=0.00 om=   1.091   0.085 omav=   1.092   0.086 phtot=0.28E-09
 phi(0)= (-1.97517304128411257E-5,-3.02634885178573953E-6)
 omega= (1.0906257857790187,8.51414614313825008E-2)  omega/(vt/a)= 0.77118888886125092,  6.02041047382634587E-2
 omavg= (1.09241047218202,8.57017126267455853E-2)  omavg/(vt/a)= 0.77245085271910463,  6.06002621576725645E-2
 time= 40.
t=0.4000E+02 <phi**2>=0.3412E-06 heat fluxes: -.1359E-01 -.9195E-02
 aky= 0.1414  theta0= 0.E+0
aky= 0.14 th0=0.00 om=   1.340   0.125 omav=   1.340   0.125 phtot=0.24E-02
 phi(0)= (-8.54541795626550756E-4,1.0132823614946258E-3)
 omega= (1.3404857349433721,0.12485551675649803)  omega/(vt/a)= 0.13402833063128797,  1.24836662149837487E-2
 omavg= (1.340148709394301,0.12509704469658611)  omavg/(vt/a)= 0.13399463316585095,  1.25078153616452661E-2
 aky= 0.28449999999999998  theta0= 0.E+0
aky= 0.28 th0=0.00 om=   1.376   0.259 omav=   1.376   0.259 phtot=0.76E-02
 phi(0)= (4.29829050595481182E-2,0.10403853875164522)
 omega= (1.3756265104230569,0.25884904191095426)  omega/(vt/a)= 0.27673737024458706,  5.20731482026603881E-2
 omavg= (1.375625869812479,0.25884506615232461)  omavg/(vt/a)= 0.27673724137175326,  5.20723483918254237E-2
 aky= 0.42759999999999998  theta0= 0.E+0
aky= 0.43 th0=0.00 om=   1.278   0.267 omav=   1.278   0.266 phtot=0.95E-03
 phi(0)= (-5.19151287118976845E-4,-4.48582351861615547E-2)
 omega= (1.2780902542602635,0.26653641797735783)  omega/(vt/a)= 0.38644191178921039,  8.05896473909296224E-2
 omavg= (1.2779440019434307,0.26635706633979217)  omavg/(vt/a)= 0.38639769110547384,  8.05354188343215399E-2
 aky= 0.57069999999999999  theta0= 0.E+0
aky= 0.57 th0=0.00 om=   1.203   0.246 omav=   1.202   0.246 phtot=0.13E-03
 phi(0)= (1.55556976877781299E-2,-1.77895881650543507E-3)
 omega= (1.2025542330509298,0.24644005113380385)  omega/(vt/a)= 0.48528575814994757,  9.94498574501420235E-2
 omavg= (1.2024702392718585,0.24633726415394167)  omavg/(vt/a)= 0.48525186280981547,  9.9408378192010094E-2
 aky= 0.71379999999999999  theta0= 0.E+0
aky= 0.71 th0=0.00 om=   1.154   0.198 omav=   1.154   0.198 phtot=0.59E-05
 phi(0)= (2.35409818345076283E-4,3.17753195496213578E-3)
 omega= (1.1542930490157428,0.19837989604178)  omega/(vt/a)= 0.58260958621047954,  0.10012884444200018
 omavg= (1.1542887346549839,0.19837780969859772)  omavg/(vt/a)= 0.58260740861100546,  0.10012779139612145
 aky= 0.8569  theta0= 0.E+0
aky= 0.86 th0=0.00 om=   1.119   0.141 omav=   1.119   0.141 phtot=0.68E-07
 phi(0)= (-3.1347196476755253E-4,6.97749294582046423E-5)
 omega= (1.1186374977506111,0.14077935296127086)  omega/(vt/a)= 0.67780460980306523,  8.53009975028705125E-2
 omavg= (1.1186040220806774,0.14080361256259388)  omavg/(vt/a)= 0.6777843262318074,  8.5315696875671615E-2
 aky= 1.  theta0= 0.E+0
aky= 1.00 th0=0.00 om=   1.092   0.086 omav=   1.094   0.085 phtot=0.66E-09
 phi(0)= (-1.71254399795039235E-5,-2.51293992400701683E-5)
 omega= (1.0924981978627215,8.64380776310012811E-2)  omega/(vt/a)= 0.77251288414281283,  6.1120950845610228E-2
 omavg= (1.0937286911377107,8.5181241940806271E-2)  omavg/(vt/a)= 0.77338297428176217,  6.02322338062360602E-2
*** omega converged
 time= 41.800000000000004
t=0.4180E+02 <phi**2>=0.5357E-06 heat fluxes: -.3461E-01 -.2342E-01
 aky= 0.1414  theta0= 0.E+0
aky= 0.14 th0=0.00 om=   1.341   0.126 omav=   1.341   0.125 phtot=0.61E-02
 phi(0)= (1.64441609458319338E-3,-2.34593087111963756E-4)
 omega= (1.3405790019231647,0.12559998717358811)  omega/(vt/a)= 0.1340376559208295,  1.2558102014340598E-2
 omavg= (1.3406826672630425,0.12519702736051769)  omavg/(vt/a)= 0.13404802088935244,  1.25178121181861966E-2
 aky= 0.28449999999999998  theta0= 0.E+0
aky= 0.28 th0=0.00 om=   1.376   0.259 omav=   1.376   0.259 phtot=0.19E-01
 phi(0)= (4.84821432426142118E-2,-0.1727008433697915)
 omega= (1.3756205997919051,0.25885052674824016)  omega/(vt/a)= 0.2767361811918107,  5.20734469101675687E-2
 omavg= (1.3756236768345587,0.25885066506309401)  omavg/(vt/a)= 0.27673680020626384,  5.2073474735226645E-2
 aky= 0.42759999999999998  theta0= 0.E+0
aky= 0.43 th0=0.00 om=   1.278   0.267 omav=   1.278   0.267 phtot=0.25E-02
 phi(0)= (-5.34452475111109257E-2,4.89612695572173851E-2)
 omega= (1.2784035606451192,0.2666802187229429)  omega/(vt/a)= 0.38653664275045185,  8.06331268203794443E-2
 omavg= (1.278238504144031,0.26661917685263903)  omavg/(vt/a)= 0.38648673645500742,  8.0614670270084357E-2
 aky= 0.57069999999999999  theta0= 0.E+0
aky= 0.57 th0=0.00 om=   1.203   0.247 omav=   1.203   0.246 phtot=0.31E-03
 phi(0)= (-1.5863850867809632E-2,-1.85376688675943993E-2)
 omega= (1.2027285495067992,0.24650792224080131)  omega/(vt/a)= 0.48535610283056124,  9.94772465530286143E-2
 omavg= (1.2026374271209352,0.24648150191124427)  omavg/(vt/a)= 0.48531933077081285,  9.94665847389438335E-2
 aky= 0.71379999999999999  theta0= 0.E+0
aky= 0.71 th0=0.00 om=   1.154   0.198 omav=   1.154   0.198 phtot=0.12E-04
 phi(0)= (3.80654149230631039E-3,-2.49905578768358332E-3)
 omega= (1.1543552167747557,0.19838156713822772)  omega/(vt/a)= 0.58264096431882473,  0.10012968789922341
 omavg= (1.1543213096382612,0.19837813665560219)  omavg/(vt/a)= 0.58262385027418984,  0.10012795642205247
 aky= 0.8569  theta0= 0.E+0
aky= 0.86 th0=0.00 om=   1.119   0.141 omav=   1.119   0.141 phtot=0.11E-06
 phi(0)= (2.54268664189877941E-4,3.26428351026344574E-4)
 omega= (1.1186144166308807,0.14080175446249896)  omega/(vt/a)= 0.67779062449559602,  8.53145710160322368E-2
 omavg= (1.1186364135717157,0.14079674973684295)  omavg/(vt/a)= 0.67780395287760498,  8.53115385536596937E-2
 aky= 1.  theta0= 0.E+0
aky= 1.00 th0=0.00 om=   1.090   0.085 omav=   1.091   0.086 phtot=0.89E-09
 phi(0)= (-1.94346274802532366E-5,2.96836317302081096E-5)
 omega= (1.0903245083740005,8.45529511148909452E-2)  omega/(vt/a)= 0.77097585356514431,  5.97879651026740344E-2
 omavg= (1.0911655711471386,8.58143941575208458E-2)  omavg/(vt/a)= 0.77157057475543389,  6.06799400321982318E-2
