 i= -18  thet=  -3.1415926535898002  rgrid=  1.1084691781282741
 i= -17  thet=  -2.9670597283903675  rgrid=  1.1221768680299089
 i= -16  thet=  -2.7925268031909347  rgrid=  1.1638506657275729
 i= -15  thet=  -2.617993877991502  rgrid=  1.2382101154464045
 i= -14  thet=  -2.4434609527920692  rgrid=  1.3495199868998278
 i= -13  thet=  -2.2689280275926365  rgrid=  1.4987226585167359
 i= -12  thet=  -2.0943951023932037  rgrid=  1.6628500741209338
 i= -11  thet=  -1.9198621771937707  rgrid=  1.7577383337190726
 i= -10  thet=  -1.7453292519943377  rgrid=  1.5925542872950593
 i= -9  thet=  -1.5707963267949048  rgrid=  1.3578686348876869
 i= -8  thet=  -1.3962634015954718  rgrid=  1.1873755707916116
 i= -7  thet=  -1.2217304763960388  rgrid=  1.0679845007926245
 i= -6  thet=  -1.0471975511966058  rgrid=  0.98248222543476971
 i= -5  thet=  -0.87266462599717287  rgrid=  0.92083524541157069
 i= -4  thet=  -0.6981317007977399  rgrid=  0.87891873352459071
 i= -3  thet=  -0.52359877559830692  rgrid=  0.85353167160442012
 i= -2  thet=  -0.34906585039887394  rgrid=  0.84002421313038489
 i= -1  thet=  -0.174532925199441  rgrid=  0.83395302967640961
 i= 0  thet=  -8.04911692853238492E-15  rgrid=  0.83081209091480301
 i= 1  thet=  0.1745329251994249  rgrid=  0.83132646077495909
 i= 2  thet=  0.34906585039885785  rgrid=  0.83989022236963573
 i= 3  thet=  0.52359877559829082  rgrid=  0.86327321538264978
 i= 4  thet=  0.6981317007977238  rgrid=  0.9037406114383254
 i= 5  thet=  0.87266462599715677  rgrid=  0.96088484637890004
 i= 6  thet=  1.0471975511965896  rgrid=  1.0302455152920071
 i= 7  thet=  1.2217304763960226  rgrid=  1.111954011574122
 i= 8  thet=  1.3962634015954556  rgrid=  1.2080559291606798
 i= 9  thet=  1.5707963267948886  rgrid=  1.3116043968973836
 i= 10  thet=  1.7453292519943215  rgrid=  1.4000950215153241
 i= 11  thet=  1.9198621771937545  rgrid=  1.4513521765045945
 i= 12  thet=  2.0943951023931873  rgrid=  1.4546092271731699
 i= 13  thet=  2.26892802759262  rgrid=  1.408123081302624
 i= 14  thet=  2.4434609527920528  rgrid=  1.3208615316858301
 i= 15  thet=  2.6179938779914855  rgrid=  1.2290248064564637
 i= 16  thet=  2.7925268031909183  rgrid=  1.161247472324914
 i= 17  thet=  2.967059728390351  rgrid=  1.1212494007507749
 i= 18  thet=  3.1415926535897838  rgrid=  1.1084691781546729
