#theta1 gradpar2 bmag3 grho4 gbdrift5 gbdrift06 cvdrift7 cvdrift08 gds29 gds2110 gds2211
  -9.4247779608      0.10742677948       1.5926479203      0.78143644222      -1.6287318687     -3.15010241757E-02  -1.6215127439     -3.15010241757E-02   13827.561207       1267.0868796       116.14480843    
  -9.2908148707      0.10742677948       1.5893984384      0.77835868451       1.8979403315      0.31260091811       1.9051952403      0.31260091811       13340.543264       1239.6630879       115.23171658    
  -9.1485687129      0.10742677948       1.5778103990      0.75682404679       5.4177554721      0.64690967806       5.4251668388      0.64690967806       12484.370714       1166.0212910       108.94375141    
  -8.9853023391      0.10742677948       1.5561773471      0.70458125800       8.8453487892      0.98248417882       8.8530131772      0.98248417882       10685.655311       1004.2327480       94.422317180    
  -8.7811271269      0.10742677948       1.5192608162      0.62112822065       12.363743704       1.3439257888       12.371921468       1.3439257888       8151.5232282       773.09830509       73.379543221    
  -8.5000200273      0.10742677948       1.4575058641      0.49353040361       15.359964578       1.6920901100       15.368958606       1.6920901100       4965.3620966       479.15189573       46.327653661    
  -8.0798006164      0.10742677948       1.3574439233      0.34097335760       16.412177314       1.9500721856       16.422567191       1.9500721856       2114.9010313       215.35572799       22.113290589    
  -7.4364218815      0.10742677948       1.2150155602      0.20837548405       12.999744793       1.7642419838       13.009164256       1.7642419838       539.23346589       65.488363306       8.2585865414    
  -6.8235402392      0.10742677948       1.0635749774      0.44504771688       26.267833875       3.8938664574       26.287272177       3.8938664574       1572.0554968       242.70985198       37.672603574    
  -6.4989306400      0.10742677948      0.96904220170      0.82927480136       37.099547349       5.7866015352       37.123752735       5.7866015352       5183.4399420       823.23542783       130.80050436    
  -6.3365674805      0.10742677948      0.91253336169       1.0991099011       42.459390104       6.6729180355       42.483303735       6.6729180355       9112.2716098       1446.9080693       229.77073895    
  -6.2290948395      0.10742677948      0.87341413409       1.2581980857       44.560991748       7.0152119400       44.585743586       7.0152119400       11946.545976       1896.5616922       301.09983733    
  -6.1457723726      0.10742677948      0.84444637729       1.3570885971       43.662709252       6.8755264433       43.688687667       6.8755264433       13896.624921       2206.2911182       350.29092280    
  -6.0756731836      0.10742677948      0.82247443809       1.4235151500       41.417842017       6.5208928223       41.445073037       6.5208928223       15285.719360       2427.2046624       385.42214835    
  -6.0134324064      0.10742677948      0.80476880011       1.4559583600       39.556472764       6.2261813759       39.584864511       6.2261813759       15985.129427       2538.6861877       403.19059183    
  -5.9552067354      0.10742677948      0.78944025455       1.4457196534       36.022443629       5.6630388989       36.051812781       5.6630388989       15753.697073       2502.5190797       397.53983270    
  -5.8980753154      0.10742677948      0.77696939617       1.4102304025       27.528518940       4.3095950912       27.558663806       4.3095950912       14976.807373       2380.1346030       378.26192388    
  -5.8406081865      0.10742677948      0.76896515720       1.3811036584       13.149427653       2.0210142479       13.180018180       2.0210142479       14344.680350       2281.2521971       362.79812344    
  -5.7831955086      0.10742677948      0.76748152282       1.3938454836      -3.4772953349     -0.62352573762      -3.4465245360     -0.62352573762       14588.152827       2321.7557590       369.52322975    
  -5.7269165885      0.10742677948      0.77184490825       1.4371683500      -17.240045367      -2.8105070634      -17.209489094      -2.8105070634       15490.352226       2466.8370948       392.85091546    
  -5.6718523707      0.10742677948      0.78027829491       1.4865058285      -23.577514675      -3.8145097725      -23.547354265      -3.8145097725       16561.431334       2638.2630739       420.28676437    
  -5.6159871518      0.10742677948      0.78937185638       1.4865250229      -23.440615255      -3.7915259207      -23.411015130      -3.7915259207       16557.905842       2638.0155792       420.29761832    
  -5.5554982417      0.10742677948      0.79890785514       1.4216151574      -24.784480527      -4.0103119066      -24.755614993      -4.0103119066       15138.302808       2412.2494687       384.39397451    
  -5.4864601010      0.10742677948      0.81189194029       1.3204003322      -31.437827261      -5.0768040253      -31.410027014      -5.0768040253       13048.128311       2080.0777611       331.60703123    
  -5.4062621339      0.10742677948      0.83306480733       1.2296376642      -39.150963148      -6.3120833848      -39.124340864      -6.3120833848       11300.146318       1802.6703094       287.58537419    
  -5.3117959923      0.10742677948      0.86388037758       1.1237501502      -43.202195781      -6.9657340252      -43.177047166      -6.9657340252       9420.3557016       1504.1637216       240.18838734    
  -5.1954093631      0.10742677948      0.90659838533      0.96903156980      -43.872625284      -7.0876871746      -43.849524491      -7.0876871746       6982.6367632       1116.6681951       178.60282863    
  -5.0447967412      0.10742677948      0.96748133333      0.77966662467      -41.638286787      -6.7559264861      -41.618234204      -6.7559264861       4481.3854109       719.68367263       115.61930863    
  -4.8506775600      0.10742677948       1.0539387837      0.62445557650      -36.921639984      -6.0330800060      -36.905034515      -6.0330800060       2809.5072328       456.24248685       74.167830795    
  -4.6137751940      0.10742677948       1.1659214146      0.52657625544      -30.369265576      -5.0103756554      -30.355898032      -5.0103756554       1900.1393328       316.15410991       52.739380542    
  -4.3444749306      0.10742677948       1.2930528667      0.47918172630      -23.022731192      -3.8331312457      -23.012060018      -3.8331312457       1440.4096523       250.20028477       43.672995036    
  -4.0631441385      0.10742677948       1.4129598129      0.48241243120      -16.153816192      -2.6890568579      -16.145066104      -2.6890568579       1293.1874589       238.51682951       44.263878159    
  -3.8038099153      0.10742677948       1.4985937028      0.55855215056      -11.267951316      -1.8534163653      -11.259917670      -1.8534163653       1549.1551735       302.49605280       59.338960938    
  -3.5921614278      0.10742677948       1.5471676792      0.65857531851      -7.7899968635      -1.2365562512      -7.7822457398      -1.2365562512       2011.8400753       406.80474068       82.494193658    
  -3.4223927056      0.10742677948       1.5741097945      0.72570013575      -5.3036218514     -0.77225251558      -5.2961790718     -0.77225251558       2353.2831313       485.01209501       100.16751260    
  -3.2765322682      0.10742677948       1.5879352822      0.76588545405      -3.3361674515     -0.38592055142      -3.3288807766     -0.38592055142       2552.9869290       533.23658389       111.56812216    
  -3.1415926536      0.10742677948       1.5926479203      0.78143644222      -1.4308051736     -3.15010241757E-02  -1.4235860488     -3.15010241757E-02   2490.0937575       537.32781003       116.14480843    
  -3.0076295635      0.10742677948       1.5893984384      0.77835868451     -6.61881045146E-02  0.31260091811     -5.89331957548E-02  0.31260091811       2311.6467888       515.64124994       115.23171658    
  -2.8653834057      0.10742677948       1.5778103990      0.75682404679       1.3531052868      0.64690967806       1.3605166534      0.64690967806       2132.6467024       481.50805159       108.94375141    
  -2.7021170320      0.10742677948       1.5561773471      0.70458125800       2.6722342238      0.98248417882       2.6798986119      0.98248417882       1793.7511289       410.96133047       94.422317180    
  -2.4979418197      0.10742677948       1.5192608162      0.62112822065       3.9196242436       1.3439257888       3.9278020072       1.3439257888       1333.3987653       312.04187318       73.379543221    
  -2.2168347201      0.10742677948       1.4575058641      0.49353040361       4.7283010113       1.6920901100       4.7372950388       1.6920901100       773.11584477       188.06809077       46.327653661    
  -1.7966153092      0.10742677948       1.3574439233      0.34097335760       4.1598898795       1.9500721856       4.1702797572       1.9500721856       281.68844319       76.418105882       22.113290589    
  -1.1532365744      0.10742677948       1.2150155602      0.20837548405       1.9157234537       1.7642419838       1.9251429163       1.7642419838       42.334353441       13.602992536       8.2585865414    
 -0.54035493202      0.10742677948       1.0635749774      0.44504771688       1.8037706965       3.8938664574       1.8232089987       3.8938664574       9.3339479152       6.0235238687       37.672603574    
 -0.21574533284      0.10742677948      0.96904220170      0.82927480136      0.74175873434       5.7866015352      0.76596411978       5.7866015352       2.1556291404       1.4029481751       130.80050436    
 -5.33821733144E-02  0.10742677948      0.91253336169       1.0991099011      0.53253824412       6.6729180355      0.55645187531       6.6729180355      0.87406840272       3.2272564784       229.77073895    
  5.40904676772E-02  0.10742677948      0.87341413409       1.2581980857      0.48316828388       7.0152119400      0.50792012204       7.0152119400      0.59404808713       4.6978984657       301.09983733    
  0.13741293463      0.10742677948      0.84444637729       1.3570885971      0.46267516374       6.8755264433      0.48865357877       6.8755264433      0.48464863682       5.3571343203       350.29092280    
  0.20751212353      0.10742677948      0.82247443809       1.4235151500      0.44592925894       6.5208928223      0.47316027930       6.5208928223      0.42265272419       5.5297372611       385.42214835    
  0.26975290077      0.10742677948      0.80476880011       1.4559583600      0.43628177749       6.2261813759      0.46467352464       6.2261813759      0.38458148201       5.3688934675       403.19059183    
  0.32797857182      0.10742677948      0.78944025455       1.4457196534      0.44064244743       5.6630388989      0.47001159939       5.6630388989      0.35857969849       4.7111815947       397.53983270    
  0.38510999180      0.10742677948      0.77696939617       1.4102304025      0.45059218758       4.3095950912      0.48073705359       4.3095950912      0.33612755013       3.4499141625       378.26192388    
  0.44257712069      0.10742677948      0.76896515720       1.3811036584      0.45120677155       2.0210142479      0.48179729852       2.0210142479      0.31592116264       1.7577741287       362.79812344    
  0.49998979854      0.10742677948      0.76748152282       1.3938454836      0.44038657424     -0.62352573762      0.47115737314     -0.62352573762      0.30185939725       0.0000000000       369.52322975    
  0.55626871871      0.10742677948      0.77184490825       1.4371683500      0.41886314808      -2.8105070634      0.44941942076      -2.8105070634      0.29551310126      -1.5140672725       392.85091546    
  0.61133293645      0.10742677948      0.78027829491       1.4865058285      0.38967931872      -3.8145097725      0.41983972904      -3.8145097725      0.29606612273      -2.4679807492       420.28676437    
  0.66719815543      0.10742677948      0.78937185638       1.4865250229      0.38217380914      -3.7915259207      0.41177393431      -3.7915259207      0.30917660250      -2.7843822682       420.29761832    
  0.72768706549      0.10742677948      0.79890785514       1.4216151574      0.41298471666      -4.0103119066      0.44185025064      -4.0103119066      0.34772023630      -2.9626240159       384.39397451    
  0.79672520619      0.10742677948      0.81189194029       1.3204003322      0.46043486562      -5.0768040253      0.48823511256      -5.0768040253      0.42079226276      -3.4550978776       331.60703123    
  0.87692317327      0.10742677948      0.83306480733       1.2296376642      0.50875972339      -6.3120833848      0.53538200694      -6.3120833848      0.53825241712      -4.2697366959       287.58537419    
  0.97138931489      0.10742677948      0.86388037758       1.1237501502      0.56437355342      -6.9657340252      0.58952216804      -6.9657340252      0.73375775786      -4.9696546415       240.18838734    
   1.0877759440      0.10742677948      0.90659838533      0.96903156980      0.66049216442      -7.0876871746      0.68359295747      -7.0876871746       1.1272149935      -5.5230851347       178.60282863    
   1.2383885659      0.10742677948      0.96748133333      0.77966662467      0.80951835479      -6.7559264861      0.82957093804      -6.7559264861       2.0391363705      -6.7579033131       115.61930863    
   1.4325077472      0.10742677948       1.0539387837      0.62445557650      0.98500022493      -6.0330800060       1.0016056945      -6.0330800060       4.2226157890      -9.7638108085       74.167830795    
   1.6694101132      0.10742677948       1.1659214146      0.52657625544       1.1110290667      -5.0103756554       1.1243966110      -5.0103756554       9.2919015010      -15.208516953       52.739380542    
   1.9387103766      0.10742677948       1.2930528667      0.47918172630       1.0611347694      -3.8331312457       1.0718059433      -3.8331312457       20.435730222      -24.200587819       43.672995036    
   2.2200411687      0.10742677948       1.4129598129      0.48241243120      0.74164538038      -2.6890568579      0.75039546783      -2.6890568579       43.353228381      -39.595048376       44.263878159    
   2.4793753919      0.10742677948       1.4985937028      0.55855215056      0.37728496664      -1.8534163653      0.38531861193      -1.8534163653       90.476670028      -70.337722596       59.338960938    
   2.6910238794      0.10742677948       1.5471676792      0.65857531851     -2.05008028043E-02  -1.2365562512     -1.27496791001E-02  -1.2365562512       156.51827588      -111.52049686       82.494193658    
   2.8607926015      0.10742677948       1.5741097945      0.72570013575     -0.45142658889     -0.77225251558     -0.44398380927     -0.77225251558       212.89239901      -144.35759989       100.16751260    
   3.0066530390      0.10742677948       1.5879352822      0.76588545405     -0.91135859988     -0.38592055142     -0.90407192499     -0.38592055142       256.67001588      -167.76617218       111.56812216    
   3.1415926536      0.10742677948       1.5926479203      0.78143644222      -1.2328784784     -3.15010241757E-02  -1.2256593536     -3.15010241757E-02   323.04566307      -192.43125951       116.14480843    
   3.2755557437      0.10742677948       1.5893984384      0.77835868451      -2.0303165405      0.31260091811      -2.0230616318      0.31260091811       381.07215357      -208.38058797       115.23171658    
   3.4178019015      0.10742677948       1.5778103990      0.75682404679      -2.7115448985      0.64690967806      -2.7041335319      0.64690967806       382.76297823      -203.00518787       108.94375141    
   3.5810682752      0.10742677948       1.5561773471      0.70458125800      -3.5008803416      0.98248417882      -3.4932159535      0.98248417882       357.09662455      -182.31008708       94.422317180    
   3.7852434874      0.10742677948       1.5192608162      0.62112822065      -4.5244952167       1.3439257888      -4.5163174531       1.3439257888       309.06979555      -149.01455872       73.379543221    
   4.0663505871      0.10742677948       1.4575058641      0.49353040361      -5.9033625554       1.6920901100      -5.8943685279       1.6920901100       238.71862323      -103.01571419       46.327653661    
   4.4865699980      0.10742677948       1.3574439233      0.34097335760      -8.0923975546       1.9500721856      -8.0820076769       1.9500721856       194.36371922      -62.519516231       22.113290589    
   5.1299487328      0.10742677948       1.2150155602      0.20837548405      -9.1682978858       1.7642419838      -9.1588784233       1.7642419838       197.38498722      -38.282378234       8.2585865414    
   5.7428303752      0.10742677948       1.0635749774      0.44504771688      -22.660292482       3.8938664574      -22.640854180       3.8938664574       1420.6791000      -230.66280424       37.672603574    
   6.0674399743      0.10742677948      0.96904220170      0.82927480136      -35.616029881       5.7866015352      -35.591824495       5.7866015352       5148.1804945      -820.42953148       130.80050436    
   6.2298031339      0.10742677948      0.91253336169       1.0991099011      -41.394313616       6.6729180355      -41.370399985       6.6729180355       9031.1624437      -1440.4535564       229.77073895    
   6.3372757749      0.10742677948      0.87341413409       1.2581980857      -43.594655180       7.0152119400      -43.569903342       7.0152119400       11828.475052      -1887.1658953       301.09983733    
   6.4205982418      0.10742677948      0.84444637729       1.3570885971      -42.737358925       6.8755264433      -42.711380510       6.8755264433       13761.985988      -2195.5768496       350.29092280    
   6.4906974307      0.10742677948      0.82247443809       1.4235151500      -40.525983499       6.5208928223      -40.498752479       6.5208928223       15146.742126      -2416.1451879       385.42214835    
   6.5529382080      0.10742677948      0.80476880011       1.4559583600      -38.683909209       6.2261813759      -38.655517461       6.2261813759       15850.194625      -2527.9484007       403.19059183    
   6.6111638790      0.10742677948      0.78944025455       1.4457196534      -35.141158734       5.6630388989      -35.111789582       5.6630388989       15635.292570      -2493.0967165       397.53983270    
   6.6682952990      0.10742677948      0.77696939617       1.4102304025      -26.627334565       4.3095950912      -26.597189699       4.3095950912       14890.101758      -2373.2347747       378.26192388    
   6.7257624279      0.10742677948      0.76896515720       1.3811036584      -12.247014110       2.0210142479      -12.216423583       2.0210142479       14300.503316      -2277.7366488       362.79812344    
   6.7831751057      0.10742677948      0.76748152282       1.3938454836       4.3580684834     -0.62352573762       4.3888392823     -0.62352573762       14588.152827      -2321.7557590       369.52322975    
   6.8394540259      0.10742677948      0.77184490825       1.4371683500       18.077771663      -2.8105070634       18.108327936      -2.8105070634       15528.404826      -2469.8652294       392.85091546    
   6.8945182436      0.10742677948      0.78027829491       1.4865058285       24.356873312      -3.8145097725       24.387033723      -3.8145097725       16623.458254      -2643.1990354       420.28676437    
   6.9503834626      0.10742677948      0.78937185638       1.4865250229       24.204962873      -3.7915259207       24.234562998      -3.7915259207       16627.884793      -2643.5843438       420.29761832    
   7.0108723727      0.10742677948      0.79890785514       1.4216151574       25.610449960      -4.0103119066       25.639315494      -4.0103119066       15212.761471      -2418.1747168       384.39397451    
   7.0799105134      0.10742677948      0.81189194029       1.3204003322       32.358696993      -5.0768040253       32.386497240      -5.0768040253       13134.963743      -2086.9879569       331.60703123    
   7.1601084805      0.10742677948      0.83306480733       1.2296376642       40.168482594      -6.3120833848       40.195104878      -6.3120833848       11407.455783      -1811.2097827       287.58537419    
   7.2545746221      0.10742677948      0.86388037758       1.1237501502       44.330942888      -6.9657340252       44.356091502      -6.9657340252       9545.2555233      -1514.1030309       240.18838734    
   7.3709612512      0.10742677948      0.90659838533      0.96903156980       45.193609613      -7.0876871746       45.216710406      -7.0876871746       7121.4466135      -1127.7143654       178.60282863    
   7.5215738731      0.10742677948      0.96748133333      0.77966662467       43.257323497      -6.7559264861       43.277376080      -6.7559264861       4651.2263135      -733.19947925       115.61930863    
   7.7156930543      0.10742677948       1.0539387837      0.62445557650       38.891640434      -6.0330800060       38.908245904      -6.0330800060       3054.8964953      -475.77010847       74.167830795    
   7.9525954204      0.10742677948       1.1659214146      0.52657625544       32.591323710      -5.0103756554       32.604691254      -5.0103756554       2282.3610485      -346.57114382       52.739380542    
   8.2218956838      0.10742677948       1.2930528667      0.47918172630       25.145000731      -3.8331312457       25.155671905      -3.8331312457       2048.6264608      -298.60146041       43.672995036    
   8.5032264759      0.10742677948       1.4129598129      0.48241243120       17.637106953      -2.6890568579       17.645857040      -2.6890568579       2288.2971255      -317.70692626       44.263878159    
   8.7625606991      0.10742677948       1.4985937028      0.55855215056       12.022521249      -1.8534163653       12.030554894      -1.8534163653       3316.9164051      -443.17149799       59.338960938    
   8.9742091865      0.10742677948       1.5471676792      0.65857531851       7.7489952579      -1.2365562512       7.7567463816      -1.2365562512       4814.6500897      -629.84573441       82.494193658    
   9.1439779087      0.10742677948       1.5741097945      0.72570013575       4.4007686736     -0.77225251558       4.4082114532     -0.77225251558       5981.3775599      -773.72729479       100.16751260    
   9.2898383461      0.10742677948       1.5879352822      0.76588545405       1.5134502517     -0.38592055142       1.5207369266     -0.38592055142       6769.4081361      -868.76892826       111.56812216    
   9.4247779608      0.10742677948       1.5926479203      0.78143644221      -1.0349517833     -3.15010241743E-02  -1.0277326585     -3.15010241743E-02   7326.4169229      -922.19032903       116.14480843    
