gs2
Date: 19990505 Time: 060430.440 -0700
 time= 4.9999999999999982
t=0.500000E+01 <phi**2>=0.5362E-09 heat fluxes: -.6925E-09 -.3924E-09
 aky= 0.1414  theta0= 0.E+0
aky= 0.14 th0=0.00 om=   1.655   0.301 omav=   1.665   0.298 phtot=0.18E-08
 phi(0)= (-4.62734436036116981E-5,-1.06181346290567692E-5)
 omega= (1.6553412956804707,0.30104745862151699)  omega/(vt/a)= 0.16550913202702541,  3.01001997022655211E-2
 omavg= (1.6647619799338367,0.29841519838868974)  omavg/(vt/a)= 0.1664510581892881,  2.98370134291136742E-2
 aky= 0.28449999999999998  theta0= 0.E+0
aky= 0.28 th0=0.00 om=   1.674   0.450 omav=   1.670   0.475 phtot=0.74E-09
 phi(0)= (-3.00912247328803225E-5,-2.49914182114266219E-5)
 omega= (1.6736978478354421,0.44975268488408182)  omega/(vt/a)= 0.33670094134167394,  9.04775928147721342E-2
 omavg= (1.6695596435963758,0.47484754562548004)  omavg/(vt/a)= 0.33586845101819068,  9.55259731095753628E-2
 aky= 0.42759999999999998  theta0= 0.E+0
aky= 0.43 th0=0.00 om=   1.522   0.330 omav=   1.474   0.510 phtot=0.20E-10
 phi(0)= (-4.64306739639436113E-6,-3.92285197038917967E-6)
 omega= (1.5224996145670231,0.33040354566101282)  omega/(vt/a)= 0.46034124725577191,  9.99004392855459694E-2
 omavg= (1.4735858485006887,0.50994910695236484)  omavg/(vt/a)= 0.44555173672748394,  0.15418763045019118
 aky= 0.57069999999999999  theta0= 0.E+0
aky= 0.57 th0=0.00 om=   1.422   0.353 omav=   1.300   0.414 phtot=0.35E-10
 phi(0)= (-1.07537183349354529E-5,-3.76499427255257457E-7)
 omega= (1.4222651482418549,0.35335229219227599)  omega/(vt/a)= 0.57394918398292727,  0.14259384757684201
 omavg= (1.2996873827698372,0.41419897597436395)  omavg/(vt/a)= 0.52448343664735964,  0.16714827369630844
 aky= 0.71379999999999999  theta0= 0.E+0
aky= 0.71 th0=0.00 om=   1.307   0.285 omav=   1.295   0.303 phtot=0.21E-10
 phi(0)= (-9.06050538030672031E-6,-2.53898941169382796E-6)
 omega= (1.3072030058790012,0.28458669540607368)  omega/(vt/a)= 0.65978826000698987,  0.14364024542374168
 omavg= (1.2946000327688811,0.3025396840264678)  omavg/(vt/a)= 0.65342712584355545,  0.15270170800491903
 aky= 0.8569  theta0= 0.E+0
aky= 0.86 th0=0.00 om=   1.307   0.202 omav=   1.304   0.164 phtot=0.83E-11
 phi(0)= (-5.33193802021244179E-6,-2.86051945167369646E-6)
 omega= (1.3072436027820908,0.20195928201498289)  omega/(vt/a)= 0.79208478339316801,  0.12237112792797751
 omavg= (1.3036902275568125,0.16374893425803327)  omavg/(vt/a)= 0.7899317229845042,  9.92187216266355448E-2
 aky= 1.  theta0= 0.E+0
aky= 1.00 th0=0.00 om=   1.362   0.075 omav=   1.289   0.064 phtot=0.32E-11
 phi(0)= (-2.66739104584281185E-6,-2.58754105370655756E-6)
 omega= (1.3619071347632952,7.46060868727986548E-2)  omega/(vt/a)= 0.96301377033746716,  5.27544699455485891E-2
 omavg= (1.2885795366648556,6.35415762634860826E-2)  omavg/(vt/a)= 0.91116332847393877,  4.49306794631931725E-2
 time= 9.9999999999999805
t=0.100000E+02 <phi**2>=0.3512E-07 heat fluxes: -.5266E-07 -.3318E-07
 aky= 0.1414  theta0= 0.E+0
aky= 0.14 th0=0.00 om=   1.661   0.296 omav=   1.664   0.294 phtot=0.34E-07
 phi(0)= (4.50025628535755156E-5,1.9826064700625035E-4)
 omega= (1.6609314449150834,0.29598258880782358)  omega/(vt/a)= 0.16606806253285922,  2.95937892062054439E-2
 omavg= (1.6642254092274569,0.2935552592820535)  omavg/(vt/a)= 0.16639740922147961,  2.93510929090719692E-2
 aky= 0.28449999999999998  theta0= 0.E+0
aky= 0.28 th0=0.00 om=   1.664   0.480 omav=   1.663   0.478 phtot=0.89E-07
 phi(0)= (-9.55436961711689876E-5,4.18289470218622089E-4)
 omega= (1.664444729100341,0.47982240095570539)  omega/(vt/a)= 0.33483947405683273,  9.65267741053415923E-2
 omavg= (1.6632022432042999,0.47755325923404235)  omavg/(vt/a)= 0.33458952083418753,  9.6070286600915572E-2
 aky= 0.42759999999999998  theta0= 0.E+0
aky= 0.43 th0=0.00 om=   1.495   0.460 omav=   1.504   0.473 phtot=0.12E-08
 phi(0)= (-4.75948797366410099E-5,3.39483288622818288E-5)
 omega= (1.4954011112729737,0.45966464145969188)  omega/(vt/a)= 0.45214777470195788,  0.1389836768064526
 omavg= (1.5040772896281089,0.47279271306635423)  omavg/(vt/a)= 0.45477109409540967,  0.14295306556665446
 aky= 0.57069999999999999  theta0= 0.E+0
aky= 0.57 th0=0.00 om=   1.394   0.399 omav=   1.398   0.401 phtot=0.16E-08
 phi(0)= (-5.81978928613867121E-5,5.001808873512257E-5)
 omega= (1.3937270708047633,0.39912712779886184)  omega/(vt/a)= 0.56243276155093003,  0.16106609206362388
 omavg= (1.3981219472646795,0.4013927991744885)  omavg/(vt/a)= 0.56420629566374503,  0.16198039432211758
 aky= 0.71379999999999999  theta0= 0.E+0
aky= 0.71 th0=0.00 om=   1.333   0.311 omav=   1.338   0.309 phtot=0.40E-09
 phi(0)= (-4.16596689244711822E-5,5.41248694054332411E-6)
 omega= (1.3327657653728249,0.31053040334266946)  omega/(vt/a)= 0.6726906237037944,  0.15673488630249779
 omavg= (1.3376344130321256,0.30850363680393672)  omavg/(vt/a)= 0.67514798996846048,  0.15571191071108867
 aky= 0.8569  theta0= 0.E+0
aky= 0.86 th0=0.00 om=   1.286   0.215 omav=   1.291   0.217 phtot=0.62E-10
 phi(0)= (-1.60023166192794772E-5,-5.83093881092560321E-6)
 omega= (1.285526177446457,0.21519625393775199)  omega/(vt/a)= 0.77892576535993907,  0.13039167131860044
 omavg= (1.2905888340367064,0.21677203614910043)  omavg/(vt/a)= 0.78199332923261544,  0.13134646896220292
 aky= 1.  theta0= 0.E+0
aky= 1.00 th0=0.00 om=   1.234   0.155 omav=   1.267   0.143 phtot=0.10E-10
 phi(0)= (-4.96039818629159952E-6,-4.96325758599697574E-6)
 omega= (1.2336092361995912,0.15548197171215197)  omega/(vt/a)= 0.87229345625108823,  0.1099423565499176
 omavg= (1.2669429830192118,0.14339148702224414)  omavg/(vt/a)= 0.89586397466959755,  0.10139309283785164
 time= 14.999999999999963
t=0.150000E+02 <phi**2>=0.3674E-05 heat fluxes: -.5690E-05 -.3668E-05
 aky= 0.1414  theta0= 0.E+0
aky= 0.14 th0=0.00 om=   1.662   0.291 omav=   1.662   0.293 phtot=0.62E-06
 phi(0)= (6.77934018875605334E-4,-5.50562569576992767E-4)
 omega= (1.6619681631418006,0.29055286178931317)  omega/(vt/a)= 0.16617171869990363,  2.90508984994234769E-2
 omavg= (1.6620435819648505,0.29273286753074212)  omavg/(vt/a)= 0.16617925944329839,  2.92688661529939866E-2
 aky= 0.28449999999999998  theta0= 0.E+0
aky= 0.28 th0=0.00 om=   1.663   0.479 omav=   1.663   0.479 phtot=0.11E-04
 phi(0)= (4.58543678935266052E-3,-1.10746051626474796E-3)
 omega= (1.6630339232676121,0.479315816334481)  omega/(vt/a)= 0.3345556595962092,  9.64248635250919695E-2
 omavg= (1.6630588292032464,0.47932367931445652)  omavg/(vt/a)= 0.33456066997008521,  9.64264453355501289E-2
 aky= 0.42759999999999998  theta0= 0.E+0
aky= 0.43 th0=0.00 om=   1.507   0.460 omav=   1.509   0.459 phtot=0.11E-06
 phi(0)= (1.65748282986903997E-4,5.47113563750326048E-4)
 omega= (1.5072109719730027,0.45960030247741168)  omega/(vt/a)= 0.45571859071567122,  0.13896422334514025
 omavg= (1.5091344857097344,0.45911061235428174)  omavg/(vt/a)= 0.45630018213560236,  0.13881616119793597
 aky= 0.57069999999999999  theta0= 0.E+0
aky= 0.57 th0=0.00 om=   1.396   0.395 omav=   1.396   0.394 phtot=0.82E-07
 phi(0)= (-9.54197889930013198E-5,5.4431534354130659E-4)
 omega= (1.3959896517110635,0.39477093835231286)  omega/(vt/a)= 0.56334581666338335,  0.15930816993411623
 omavg= (1.3959521026147412,0.39426482577446309)  omavg/(vt/a)= 0.56333066388176589,  0.15910393030874156
 aky= 0.71379999999999999  theta0= 0.E+0
aky= 0.71 th0=0.00 om=   1.332   0.305 omav=   1.331   0.305 phtot=0.86E-08
 phi(0)= (-1.70648394529678292E-4,9.31831813390263065E-5)
 omega= (1.3320430362112154,0.30538949308053503)  omega/(vt/a)= 0.67232583857566208,  0.15414010016641105
 omavg= (1.3313977192393196,0.30528594314477986)  omavg/(vt/a)= 0.67200012592037806,  0.15408783511528398
 aky= 0.8569  theta0= 0.E+0
aky= 0.86 th0=0.00 om=   1.284   0.212 omav=   1.283   0.212 phtot=0.52E-09
 phi(0)= (-4.82660419860852374E-5,-1.07024089927158206E-5)
 omega= (1.2835613628649583,0.21215521164592546)  omega/(vt/a)= 0.77773524530011084,  0.12854904357891633
 omavg= (1.2834138103783546,0.21165481681508155)  omavg/(vt/a)= 0.77764584032682049,  0.12824584444269066
 aky= 1.  theta0= 0.E+0
aky= 1.00 th0=0.00 om=   1.243   0.128 omav=   1.241   0.131 phtot=0.39E-10
 phi(0)= (-8.65722260320456844E-6,-1.05290599842182256E-5)
 omega= (1.2430690320918623,0.1284922602977219)  omega/(vt/a)= 0.87898254207515381,  9.08577485865061374E-2
 omavg= (1.2406217038464749,0.1314112868385843)  omavg/(vt/a)= 0.87725201967705102,  9.29218120480134607E-2
 time= 20.000000000000014
t=0.200000E+02 <phi**2>=0.4309E-03 heat fluxes: -.6625E-03 -.4310E-03
 aky= 0.1414  theta0= 0.E+0
aky= 0.14 th0=0.00 om=   1.663   0.291 omav=   1.663   0.291 phtot=0.11E-04
 phi(0)= (-3.41002547728514165E-3,-1.55247908508706137E-3)
 omega= (1.6628921023340517,0.29131001352253239)  omega/(vt/a)= 0.16626409866659345,  2.9126602238890905E-2
 omavg= (1.6629402624819281,0.29148726121874685)  omavg/(vt/a)= 0.16626891395410792,  2.91443243318700376E-2
 aky= 0.28449999999999998  theta0= 0.E+0
aky= 0.28 th0=0.00 om=   1.663   0.479 omav=   1.663   0.479 phtot=0.13E-02
 phi(0)= (-3.33134709127081916E-2,-3.96941643428144544E-2)
 omega= (1.663046821546055,0.47930809390545426)  omega/(vt/a)= 0.33455825436712261,  9.6423309989532302E-2
 omavg= (1.663046803026297,0.47931589719291101)  omavg/(vt/a)= 0.3345582506414681,  9.64248797915342876E-2
 aky= 0.42759999999999998  theta0= 0.E+0
aky= 0.43 th0=0.00 om=   1.507   0.459 omav=   1.507   0.458 phtot=0.11E-04
 phi(0)= (5.66126260851680836E-3,1.52958942763490452E-4)
 omega= (1.5069082138196972,0.45854192963067919)  omega/(vt/a)= 0.45562704910569246,  0.13864421493813317
 omavg= (1.506957943063731,0.45837714048543948)  omavg/(vt/a)= 0.45564208518320903,  0.13859438948009822
 aky= 0.57069999999999999  theta0= 0.E+0
aky= 0.57 th0=0.00 om=   1.395   0.395 omav=   1.395   0.395 phtot=0.43E-05
 phi(0)= (1.98252891672556514E-3,3.45881647793052369E-3)
 omega= (1.3952881750305313,0.39510357011790465)  omega/(vt/a)= 0.56306273866708134,  0.15944240209938038
 omavg= (1.3953017330260182,0.39515376666740365)  omavg/(vt/a)= 0.56306820993975915,  0.15946265870811421
 aky= 0.71379999999999999  theta0= 0.E+0
aky= 0.71 th0=0.00 om=   1.332   0.306 omav=   1.332   0.306 phtot=0.18E-06
 phi(0)= (-5.74447292003689523E-4,6.89172611358973802E-4)
 omega= (1.3319509155620313,0.30599303418899171)  omega/(vt/a)= 0.67227934226058128,  0.15444472717231636
 omavg= (1.3318926647592924,0.30587474914830515)  omavg/(vt/a)= 0.67224994116862358,  0.15438502483011821
 aky= 0.8569  theta0= 0.E+0
aky= 0.86 th0=0.00 om=   1.284   0.213 omav=   1.284   0.212 phtot=0.43E-08
 phi(0)= (-1.42516391872076241E-4,-1.15190014081473611E-5)
 omega= (1.2838755708047054,0.21260400282797767)  omega/(vt/a)= 0.77792563011237181,  0.12882097504254564
 omavg= (1.2841035599062054,0.21237850117225526)  omavg/(vt/a)= 0.77806377322333697,  0.12868433912423052
 aky= 1.  theta0= 0.E+0
aky= 1.00 th0=0.00 om=   1.241   0.130 omav=   1.242   0.134 phtot=0.14E-09
 phi(0)= (-1.53431909869617856E-5,-2.14862300321519068E-5)
 omega= (1.2412441327706505,0.12958748689247976)  omega/(vt/a)= 0.87769214339014223,  9.16321907385952705E-2
 omavg= (1.2423980947455622,0.13354457029280103)  omavg/(vt/a)= 0.87850811772783366,  9.44302712446831727E-2
 time= 25.000000000000085
t=0.250000E+02 <phi**2>=0.5164E-01 heat fluxes: -.7876E-01 -.5145E-01
 aky= 0.1414  theta0= 0.E+0
aky= 0.14 th0=0.00 om=   1.663   0.291 omav=   1.663   0.291 phtot=0.21E-03
 phi(0)= (5.44756009552622555E-4,1.60749447757420304E-2)
 omega= (1.6629985710426243,0.2913528150517426)  omega/(vt/a)= 0.1662747439296518,  2.91308817454600313E-2
 omavg= (1.6629683674950559,0.29138761653914341)  omavg/(vt/a)= 0.16627172403100299,  2.91343613686579732E-2
 aky= 0.28449999999999998  theta0= 0.E+0
aky= 0.28 th0=0.00 om=   1.663   0.479 omav=   1.663   0.479 phtot=0.16E+00
 phi(0)= (-0.22759785637387012,0.52179512899651359)
 omega= (1.6630495532163991,0.47931152804476351)  omega/(vt/a)= 0.33455880390237924,  9.6424000841790744E-2
 omavg= (1.6630477675670177,0.47931314219218363)  omavg/(vt/a)= 0.33455844467993751,  9.64243255628606244E-2
 aky= 0.42759999999999998  theta0= 0.E+0
aky= 0.43 th0=0.00 om=   1.507   0.459 omav=   1.507   0.459 phtot=0.11E-02
 phi(0)= (1.90792496685877541E-2,-5.27361180228119661E-2)
 omega= (1.5067888894916437,0.45853727034062763)  omega/(vt/a)= 0.45559097033793544,  0.13864280616050648
 omavg= (1.5067866378826422,0.4585224786260032)  omavg/(vt/a)= 0.45559028954400543,  0.13863833375454057
 aky= 0.57069999999999999  theta0= 0.E+0
aky= 0.57 th0=0.00 om=   1.395   0.395 omav=   1.395   0.395 phtot=0.22E-03
 phi(0)= (2.69370275660759592E-2,1.00450886024661297E-2)
 omega= (1.3953285976894425,0.39512978548157629)  omega/(vt/a)= 0.56307905106292766,  0.15945298120033474
 omavg= (1.3953284629566856,0.39512049850554948)  omavg/(vt/a)= 0.56307899669208406,  0.15944923347979273
 aky= 0.71379999999999999  theta0= 0.E+0
aky= 0.71 th0=0.00 om=   1.332   0.306 omav=   1.332   0.306 phtot=0.39E-05
 phi(0)= (-1.29976839536937111E-3,3.93390032207197905E-3)
 omega= (1.3317744147325223,0.3059191715538952)  omega/(vt/a)= 0.67219025649909836,  0.15440744627618111
 omavg= (1.331767368870733,0.30594547591076293)  omavg/(vt/a)= 0.67218670022140514,  0.15442072294841205
 aky= 0.8569  theta0= 0.E+0
aky= 0.86 th0=0.00 om=   1.284   0.212 omav=   1.284   0.212 phtot=0.36E-07
 phi(0)= (-4.12979140580708754E-4,2.35279479991236734E-5)
 omega= (1.2842411383664092,0.2123583912470654)  omega/(vt/a)= 0.77814713473653785,  0.12867215412236541
 omavg= (1.2839244507778773,0.21244360131006401)  omavg/(vt/a)= 0.7779552474559791,  0.12872378458676359
 aky= 1.  theta0= 0.E+0
aky= 1.00 th0=0.00 om=   1.242   0.133 omav=   1.244   0.133 phtot=0.54E-09
 phi(0)= (-2.68315686307164821E-5,-4.34802875374929853E-5)
 omega= (1.2418539594137794,0.13349772027269979)  omega/(vt/a)= 0.87812335594484692,  9.43971432777708508E-2
 omavg= (1.2436969353601641,0.13263194913299295)  omavg/(vt/a)= 0.87942653673409921,  9.37849506339285405E-2
*** omega converged
 time= 26.700000000000109
t=0.267000E+02 <phi**2>=0.2632E+00 heat fluxes: -.4006E+00 -.2619E+00
 aky= 0.1414  theta0= 0.E+0
aky= 0.14 th0=0.00 om=   1.663   0.291 omav=   1.663   0.291 phtot=0.57E-03
 phi(0)= (7.30940289587108001E-3,-2.53625057303735676E-2)
 omega= (1.663038728632166,0.29138108825343229)  omega/(vt/a)= 0.16627875908218059,  2.91337086386714191E-2
 omavg= (1.6630199449306813,0.29136132153232364)  omavg/(vt/a)= 0.16627688099568744,  2.91317322650605816E-2
 aky= 0.28449999999999998  theta0= 0.E+0
aky= 0.28 th0=0.00 om=   1.663   0.479 omav=   1.663   0.479 phtot=0.80E+00
 phi(0)= (0.85338970088142108,-0.96186631978535042)
 omega= (1.6630501952571699,0.47931378532772567)  omega/(vt/a)= 0.33455893306292767,  9.64244549436462373E-2
 omavg= (1.6630502558602929,0.47931256973596409)  omavg/(vt/a)= 0.3345589452545718,  9.64242104007671519E-2
 aky= 0.42759999999999998  theta0= 0.E+0
aky= 0.43 th0=0.00 om=   1.507   0.459 omav=   1.507   0.459 phtot=0.53E-02
 phi(0)= (-9.78200724599358057E-2,7.33782847901569835E-2)
 omega= (1.5067740925309971,0.45854556817714559)  omega/(vt/a)= 0.45558649634578829,  0.13864531508489347
 omavg= (1.5067821720526027,0.45854285484827861)  omavg/(vt/a)= 0.45558893926072735,  0.13864449468587145
 aky= 0.57069999999999999  theta0= 0.E+0
aky= 0.57 th0=0.00 om=   1.395   0.395 omav=   1.395   0.395 phtot=0.85E-03
 phi(0)= (-2.41920177000545175E-2,-5.08152371538119277E-2)
 omega= (1.395324775305216,0.39513692494466268)  omega/(vt/a)= 0.56307750855567407,  0.15945586230096326
 omavg= (1.3953270827390882,0.39513365727389876)  omavg/(vt/a)= 0.56307843971101434,  0.15945454364601991
 aky= 0.71379999999999999  theta0= 0.E+0
aky= 0.71 th0=0.00 om=   1.332   0.306 omav=   1.332   0.306 phtot=0.11E-04
 phi(0)= (6.48714573630489524E-3,-2.54719187251559957E-3)
 omega= (1.3318024643837743,0.30594318336787674)  omega/(vt/a)= 0.67220441407868625,  0.15441956582677518
 omavg= (1.3317930893392085,0.30592744224085039)  omavg/(vt/a)= 0.67219968218600112,  0.15441162076333473
 aky= 0.8569  theta0= 0.E+0
aky= 0.86 th0=0.00 om=   1.284   0.212 omav=   1.284   0.212 phtot=0.74E-07
 phi(0)= (3.6826883286996602E-4,4.65630116165510722E-4)
 omega= (1.2840253947870186,0.21249838371065363)  omega/(vt/a)= 0.77801641142988986,  0.12875697832801614
 omavg= (1.2841583834730359,0.21249228375829757)  omavg/(vt/a)= 0.77809699190802994,  0.12875328224609967
 aky= 1.  theta0= 0.E+0
aky= 1.00 th0=0.00 om=   1.243   0.131 omav=   1.242   0.132 phtot=0.85E-09
 phi(0)= (-2.93947832383900796E-5,5.67830521923529531E-5)
 omega= (1.2426779718638967,0.13125099821159672)  omega/(vt/a)= 0.87870602073610704,  9.28084708729234598E-2
 omavg= (1.2418257348051718,0.13219022330643163)  omavg/(vt/a)= 0.8781033981327041,  9.34726033065417933E-2
