 nlambda
 25
 lambda
 0.62788516360326563
 0.63064519699511867
 0.64374867371314359
 0.65473813370245482
 0.68004510961422937
 0.69821175071595787
 0.7261416769225133
 0.74441196799433951
 0.77336358454708798
 0.8045820714470826
 0.82145759848414601
 0.83916207794121822
 0.85769073925370543
 0.892281885017573
 0.9293832161106097
 0.95602404565004306
 0.99881767673370125
 1.0319468009191863
 1.0819623728599717
 1.1348379297109641
 1.1764290127350456
 1.2316910051389469
 1.2607936786671177
 1.2931498805622414
 1.3033569126301328
 ntgrid nperiod ntheta drhodpsi rmaj shat
 24,  1,  48,  1.8196496347311206,  2.8241356938383615,  5.8798848117303759
 gbdrift gradpar grho tgrid
    -1.430805173        0.1074267795        0.7814364422        -3.141592654    
    0.5044231222        0.1074267795        0.7723008821        -2.950731100    
     2.795235084        0.1074267795        0.6979829683        -2.684665795    
     3.709449257        0.1074267795        0.6388986980        -2.538776862    
     4.653552570        0.1074267795        0.5181972629        -2.273056140    
     4.736440774        0.1074267795        0.4503897488        -2.110137599    
     4.384660049        0.1074267795        0.3682100924        -1.880659191    
     3.957767647        0.1074267795        0.3220781014        -1.734747526    
     3.073109834        0.1074267795        0.2597736861        -1.506541735    
     2.218756725        0.1074267795        0.2146361212        -1.277027458    
     1.932651576        0.1074267795        0.2080450710        -1.163405688    
     1.830864582        0.1074267795        0.2204281532        -1.053461766    
     1.843339638        0.1074267795        0.2463633722       -0.9463464202    
     1.932677890        0.1074267795        0.3129685730       -0.7628447202    
     1.882279867        0.1074267795        0.4096452847       -0.5873591312    
     1.628580596        0.1074267795        0.5034496300       -0.4754330122    
     1.061149240        0.1074267795        0.6824588668       -0.3187462657    
    0.7417587343        0.1074267795        0.8292748014       -0.2157453328    
    0.5553779403        0.1074267795         1.045492186       -0.8585480522E-01
    0.4903610869        0.1074267795         1.229090317        0.3259593948E-01
    0.4664655977        0.1074267795         1.338883960        0.1207484412    
    0.4388228214        0.1074267795         1.447318799        0.2441602281    
    0.4384463495        0.1074267795         1.451717429        0.3132143583    
    0.4522699233        0.1074267795         1.396187347        0.4066501947    
    0.4444055593        0.1074267795         1.386371332        0.4841722253    
    0.4129833289        0.1074267795         1.448106090        0.5672815623    
    0.3909117869        0.1074267795         1.466800476        0.6913937195    
    0.4604348656        0.1074267795         1.320400332        0.7967252062    
    0.5389287796        0.1074267795         1.171561594        0.9306415062    
    0.6007419066        0.1074267795         1.061323489         1.019922220    
    0.7040366505        0.1074267795        0.9081069315         1.132976912    
    0.8131647062        0.1074267795        0.7757532642         1.242063012    
    0.8845628323        0.1074267795        0.7061992878         1.316036238    
    0.9714331953        0.1074267795        0.6347689076         1.415279024    
     1.019399508        0.1074267795        0.5988802538         1.479888220    
     1.075268323        0.1074267795        0.5575924768         1.574649167    
     1.111029067        0.1074267795        0.5265762554         1.669410113    
     1.119860880        0.1074267795        0.5129548666         1.723270166    
     1.120023673        0.1074267795        0.5017102581         1.777130219    
     1.111222433        0.1074267795        0.4924439475         1.830990271    
     1.061134769        0.1074267795        0.4791817263         1.938710377    
    0.9543746846        0.1074267795        0.4730298997         2.051242693    
    0.8582506668        0.1074267795        0.4740373945         2.130575343    
    0.6733556477        0.1074267795        0.4918954478         2.271908013    
    0.5199555390        0.1074267795        0.5228937476         2.384752615    
    0.1724485668        0.1074267795        0.6127091901         2.595227825    
   -0.9441092501E-01    0.1074267795        0.6735842442         2.724977624    
   -0.8279628317        0.1074267795        0.7589813132         2.974851685    
    -1.232878478        0.1074267795        0.7814364422         3.141592654    
 cvdrift gds2 bmag tgrid
    -1.423586049         2490.093757         1.592647920        -3.141592654    
    0.5117305014         2244.350925         1.585677660        -2.950731100    
     2.802935922         1753.701741         1.553401259        -2.684665795    
     3.717517230         1423.618542         1.527328177        -2.538776862    
     4.662354328         871.9819132         1.470490686        -2.273056140    
     4.745867550         613.3095842         1.432230264        -2.110137599    
     4.394940268         352.3745458         1.377141723        -1.880659191    
     3.968101885         240.3177547         1.343342186        -1.734747526    
     3.082706599         136.1279550         1.293052867        -1.506541735    
     2.227799645         67.71885512         1.242881286        -1.277027458    
     1.942006200         44.00984638         1.217348287        -1.163405688    
     1.841271130         29.89418646         1.191664908        -1.053461766    
     1.855285931         21.98271703         1.165921415       -0.9463464202    
     1.947829408         14.68773019         1.120722069       -0.7628447202    
     1.900792436         10.41785684         1.075982418       -0.5873591312    
     1.649298492         7.761250139         1.045998795       -0.4754330122    
     1.084521187         4.030794884         1.001183723       -0.3187462657    
    0.7659641198         2.155629140        0.9690422017       -0.2157453328    
    0.5792949275         1.016115938        0.9242465589       -0.8585480522E-01
    0.5148617151        0.6333289790        0.8811830957        0.3259593948E-01
    0.4921713225        0.5025766756        0.8500300394        0.1207484412    
    0.4667437551        0.3985686250        0.8118919403        0.2441602281    
    0.4675807540        0.3646863851        0.7931511848        0.3132143583    
    0.4826174674        0.3281022347        0.7733055658        0.4066501947    
    0.4751640622        0.3049696460        0.7672495464        0.4841722253    
    0.4434715759        0.2950113917        0.7733055658        0.5672815623    
    0.4202390782        0.3214286335        0.7931511848        0.6913937195    
    0.4882351126        0.4207922628        0.8118919403        0.7967252062    
    0.5647321247        0.6394680373        0.8500300394        0.9306415062    
    0.6250746835        0.8726081166        0.8811830957         1.019922220    
    0.7262424428         1.345629416        0.9242465589         1.132976912    
    0.8331445217         2.068808899        0.9690422017         1.242063012    
    0.9031431775         2.756032378         1.001183723         1.316036238    
    0.9883133699         3.970992101         1.045998795         1.415279024    
     1.035281239         4.987550491         1.075982418         1.479888220    
     1.089822031         6.857452590         1.120722069         1.574649167    
     1.124396611         9.291901501         1.165921415         1.669410113    
     1.132618621         11.00937897         1.191664908         1.723270166    
     1.132211638         12.97217711         1.217348287         1.777130219    
     1.122874302         15.17871224         1.242881286         1.830990271    
     1.071805943         20.43573022         1.293052867         1.938710377    
    0.9641560594         27.55582347         1.343342186         2.051242693    
    0.8674934579         33.97729792         1.377141723         2.130575343    
    0.6818914341         50.23742348         1.432230264         2.271908013    
    0.5281654887         69.28054597         1.470490686         2.384752615    
    0.1803316042         124.3917854         1.527328177         2.595227825    
   -0.8671901444E-01     168.3318810         1.553401259         2.724977624    
   -0.8206508254         245.3021639         1.585677660         2.974851685    
    -1.225659354         323.0456631         1.592647920         3.141592654    
 gds21 gds22 tgrid
     537.3278100         116.1448084        -3.141592654    
     504.1003212         113.4364226        -2.950731100    
     402.5097753         92.65746064        -2.684665795    
     331.6927535         77.61730600        -2.538776862    
     210.1231066         51.14174443        -2.273056140    
     152.2503290         38.56912983        -2.110137599    
     92.95834112         25.77240966        -1.880659191    
     66.41703543         19.82171739        -1.734747526    
     39.49936359         13.32129242        -1.506541735    
     20.56517832         9.035420834        -1.277027458    
     14.04841605         8.254592869        -1.163405688    
     10.48377163         9.027586485        -1.053461766    
     8.808520428         11.09678049       -0.9463464202    
     7.645962843         17.88287491       -0.7628447202    
     6.572759732         31.63145439       -0.5873591312    
     4.973896843         48.53649703       -0.4754330122    
     2.191415581         88.67788969       -0.3187462657    
     1.402948175         130.8005044       -0.2157453328    
     2.721599883         208.0998141       -0.8585480522E-01
     4.448324510         287.3177902        0.3259593948E-01
     5.265352010         340.9525763        0.1207484412    
     5.485584330         398.4215331        0.2441602281    
     4.936961299         400.8384023        0.3132143583    
     2.846429372         370.7718819        0.4066501947    
    0.4750383463         365.5689333        0.4841722253    
    -1.756315751         398.8775196        0.5672815623    
    -2.844418934         409.2286980        0.6913937195    
    -3.455097878         331.6070312        0.7967252062    
    -4.713753228         261.0639702        0.9306415062    
    -5.205500260         214.2835594         1.019922220    
    -5.801469005         156.9484883         1.132976912    
    -6.800304326         114.4496465         1.242063012    
    -7.786413481         94.71195206         1.316036238    
    -9.441810971         76.61417020         1.415279024    
    -10.70066990         68.24459289         1.479888220    
    -12.79287646         59.15395003         1.574649167    
    -15.20851695         52.73938054         1.669410113    
    -16.75900498         50.03562603         1.723270166    
    -18.43393695         47.86182995         1.777130219    
    -20.22710792         46.11346583         1.830990271    
    -24.20058782         43.67299504         1.938710377    
    -29.12557359         42.54601298         2.051242693    
    -33.40606455         42.72772693         2.130575343    
    -44.13298735         46.01521722         2.271908013    
    -56.61590402         51.96733409         2.384752615    
    -91.86714635         71.50219329         2.595227825    
    -118.4928740         86.27496236         2.724977624    
    -162.4767732         109.5716894         2.974851685    
    -192.4312595         116.1448084         3.141592654    
 cvdrift0 gbdrift0 tgrid
   -0.3150102415E-01   -0.3150102415E-01    -3.141592654    
    0.4510145832        0.4510145832        -2.950731100    
     1.016089781         1.016089781        -2.684665795    
     1.278600796         1.278600796        -2.538776862    
     1.632983098         1.632983098        -2.273056140    
     1.791968654         1.791968654        -2.110137599    
     1.938254193         1.938254193        -1.880659191    
     1.935127142         1.935127142        -1.734747526    
     1.790527057         1.790527057        -1.506541735    
     1.688888699         1.688888699        -1.277027458    
     1.751553990         1.751553990        -1.163405688    
     1.956392002         1.956392002        -1.053461766    
     2.258017420         2.258017420       -0.9463464202    
     2.907517070         2.907517070       -0.7628447202    
     3.660998388         3.660998388       -0.5873591312    
     4.244076757         4.244076757       -0.4754330122    
     5.167479797         5.167479797       -0.3187462657    
     5.786601535         5.786601535       -0.2157453328    
     6.513525034         6.513525034       -0.8585480522E-01
     6.984494639         6.984494639        0.3259593948E-01
     6.936206494         6.936206494        0.1207484412    
     6.355865760         6.355865760        0.2441602281    
     5.864626241         5.864626241        0.3132143583    
     3.539835678         3.539835678        0.4066501947    
    0.9874689159E-01    0.9874689159E-01    0.4841722253    
    -3.114450000        -3.114450000        0.5672815623    
    -3.795015551        -3.795015551        0.6913937195    
    -5.076804025        -5.076804025        0.7967252062    
    -6.777179248        -6.777179248        0.9306415062    
    -7.076889195        -7.076889195         1.019922220    
    -7.027364399        -7.027364399         1.132976912    
    -6.744247712        -6.744247712         1.242063012    
    -6.489267223        -6.489267223         1.316036238    
    -6.103618897        -6.103618897         1.415279024    
    -5.835044444        -5.835044444         1.479888220    
    -5.426637188        -5.426637188         1.574649167    
    -5.010375655        -5.010375655         1.669410113    
    -4.773338014        -4.773338014         1.723270166    
    -4.536757668        -4.536757668         1.777130219    
    -4.300931936        -4.300931936         1.830990271    
    -3.833131246        -3.833131246         1.938710377    
    -3.354968317        -3.354968317         2.051242693    
    -3.030998500        -3.030998500         2.130575343    
    -2.506911305        -2.506911305         2.271908013    
    -2.141473711        -2.141473711         2.384752615    
    -1.511079569        -1.511079569         2.595227825    
    -1.141670565        -1.141670565         2.724977624    
   -0.4697210658       -0.4697210658         2.974851685    
   -0.3150102420E-01   -0.3150102420E-01     3.141592654    
